CRITICAL - 2022-10-02 09:36:15 --> Config\Security::$csrfProtection is set to 'cookie'. Same-site attackers may bypass the CSRF protection. Please set it to 'session'.
in VENDORPATH/codeigniter4/shield/src/Authentication/Authenticators/Session.php on line 96.
 1 VENDORPATH/codeigniter4/shield/src/Authentication/Authenticators/Session.php(84): CodeIgniter\Shield\Authentication\Authenticators\Session->checkSecurityConfig()
 2 VENDORPATH/codeigniter4/shield/src/Authentication/Authentication.php(58): CodeIgniter\Shield\Authentication\Authenticators\Session->__construct(Object(CodeIgniter\Shield\Models\UserModel))
 3 VENDORPATH/codeigniter4/shield/src/Auth.php(63): CodeIgniter\Shield\Authentication\Authentication->factory('session')
 4 VENDORPATH/codeigniter4/shield/src/Collectors/Auth.php(59): CodeIgniter\Shield\Auth->getAuthenticator()
 5 SYSTEMPATH/Debug/Toolbar/Collectors/BaseCollector.php(221): CodeIgniter\Shield\Collectors\Auth->getTitleDetails()
 6 SYSTEMPATH/Debug/Toolbar.php(93): CodeIgniter\Debug\Toolbar\Collectors\BaseCollector->getAsArray()
 7 SYSTEMPATH/Debug/Toolbar.php(376): CodeIgniter\Debug\Toolbar->run(1664721375.13901805877685546875, 0.061800000000000000766053886991358012892305850982666015625, Object(CodeIgniter\HTTP\IncomingRequest), Object(CodeIgniter\HTTP\Response))
 8 SYSTEMPATH/Filters/DebugToolbar.php(40): CodeIgniter\Debug\Toolbar->prepare(Object(CodeIgniter\HTTP\IncomingRequest), Object(CodeIgniter\HTTP\Response))
 9 SYSTEMPATH/Filters/Filters.php(196): CodeIgniter\Filters\DebugToolbar->after(Object(CodeIgniter\HTTP\IncomingRequest), Object(CodeIgniter\HTTP\Response), null)
10 SYSTEMPATH/CodeIgniter.php(477): CodeIgniter\Filters\Filters->run('/', 'after')
11 SYSTEMPATH/CodeIgniter.php(340): CodeIgniter\CodeIgniter->handleRequest(null, Object(Config\Cache), false)
12 FCPATH/index.php(67): CodeIgniter\CodeIgniter->run()
ERROR - 2022-10-02 09:38:08 --> mysqli_sql_exception: No database selected in /opt/lampp/htdocs/kitgum.org/vendor/codeigniter4/framework/system/Database/MySQLi/Connection.php:292
Stack trace:
#0 /opt/lampp/htdocs/kitgum.org/vendor/codeigniter4/framework/system/Database/MySQLi/Connection.php(292): mysqli->query('SELECT *\nFROM `...', 0)
#1 /opt/lampp/htdocs/kitgum.org/vendor/codeigniter4/framework/system/Database/BaseConnection.php(693): CodeIgniter\Database\MySQLi\Connection->execute('SELECT *\nFROM `...')
#2 /opt/lampp/htdocs/kitgum.org/vendor/codeigniter4/framework/system/Database/BaseConnection.php(620): CodeIgniter\Database\BaseConnection->simpleQuery('SELECT *\nFROM `...')
#3 /opt/lampp/htdocs/kitgum.org/vendor/codeigniter4/framework/system/Database/BaseBuilder.php(1585): CodeIgniter\Database\BaseConnection->query('SELECT *\nFROM `...', Array, false)
#4 /opt/lampp/htdocs/kitgum.org/vendor/codeigniter4/settings/src/Handlers/DatabaseHandler.php(163): CodeIgniter\Database\BaseBuilder->get()
#5 /opt/lampp/htdocs/kitgum.org/vendor/codeigniter4/settings/src/Handlers/DatabaseHandler.php(41): CodeIgniter\Settings\Handlers\DatabaseHandler->hydrate(NULL)
#6 /opt/lampp/htdocs/kitgum.org/vendor/codeigniter4/settings/src/Settings.php(59): CodeIgniter\Settings\Handlers\DatabaseHandler->has('CodeIgniter\\Shi...', 'sessionConfig', NULL)
#7 /opt/lampp/htdocs/kitgum.org/vendor/codeigniter4/settings/src/Helpers/setting_helper.php(21): CodeIgniter\Settings\Settings->get('Auth.sessionCon...')
#8 /opt/lampp/htdocs/kitgum.org/vendor/codeigniter4/shield/src/Authentication/Authenticators/Session.php(643): setting('Auth.sessionCon...')
#9 /opt/lampp/htdocs/kitgum.org/vendor/codeigniter4/shield/src/Authentication/Authenticators/Session.php(661): CodeIgniter\Shield\Authentication\Authenticators\Session->getSessionUserInfo()
#10 /opt/lampp/htdocs/kitgum.org/vendor/codeigniter4/shield/src/Authentication/Authenticators/Session.php(367): CodeIgniter\Shield\Authentication\Authenticators\Session->getSessionKey('id')
#11 /opt/lampp/htdocs/kitgum.org/vendor/codeigniter4/shield/src/Authentication/Authenticators/Session.php(351): CodeIgniter\Shield\Authentication\Authenticators\Session->checkUserState()
#12 /opt/lampp/htdocs/kitgum.org/vendor/codeigniter4/shield/src/Auth.php(159): CodeIgniter\Shield\Authentication\Authenticators\Session->loggedIn()
#13 /opt/lampp/htdocs/kitgum.org/vendor/codeigniter4/shield/src/Collectors/Auth.php(67): CodeIgniter\Shield\Auth->__call('loggedIn', Array)
#14 /opt/lampp/htdocs/kitgum.org/vendor/codeigniter4/framework/system/Debug/Toolbar/Collectors/BaseCollector.php(222): CodeIgniter\Shield\Collectors\Auth->display()
#15 /opt/lampp/htdocs/kitgum.org/vendor/codeigniter4/framework/system/Debug/Toolbar.php(93): CodeIgniter\Debug\Toolbar\Collectors\BaseCollector->getAsArray()
#16 /opt/lampp/htdocs/kitgum.org/vendor/codeigniter4/framework/system/Debug/Toolbar.php(376): CodeIgniter\Debug\Toolbar->run(1664721488.343, 0.0639, Object(CodeIgniter\HTTP\IncomingRequest), Object(CodeIgniter\HTTP\Response))
#17 /opt/lampp/htdocs/kitgum.org/vendor/codeigniter4/framework/system/Filters/DebugToolbar.php(40): CodeIgniter\Debug\Toolbar->prepare(Object(CodeIgniter\HTTP\IncomingRequest), Object(CodeIgniter\HTTP\Response))
#18 /opt/lampp/htdocs/kitgum.org/vendor/codeigniter4/framework/system/Filters/Filters.php(196): CodeIgniter\Filters\DebugToolbar->after(Object(CodeIgniter\HTTP\IncomingRequest), Object(CodeIgniter\HTTP\Response), NULL)
#19 /opt/lampp/htdocs/kitgum.org/vendor/codeigniter4/framework/system/CodeIgniter.php(477): CodeIgniter\Filters\Filters->run('/', 'after')
#20 /opt/lampp/htdocs/kitgum.org/vendor/codeigniter4/framework/system/CodeIgniter.php(340): CodeIgniter\CodeIgniter->handleRequest(NULL, Object(Config\Cache), false)
#21 /opt/lampp/htdocs/kitgum.org/public/index.php(67): CodeIgniter\CodeIgniter->run()
#22 {main}
CRITICAL - 2022-10-02 09:38:08 --> No database selected
in SYSTEMPATH/Database/MySQLi/Connection.php on line 292.
 1 SYSTEMPATH/Database/MySQLi/Connection.php(292): mysqli->query('SELECT *
FROM `settings`
WHERE `context` IS NULL', 0)
 2 SYSTEMPATH/Database/BaseConnection.php(693): CodeIgniter\Database\MySQLi\Connection->execute('SELECT *
FROM `settings`
WHERE `context` IS NULL')
 3 SYSTEMPATH/Database/BaseConnection.php(620): CodeIgniter\Database\BaseConnection->simpleQuery('SELECT *
FROM `settings`
WHERE `context` IS NULL')
 4 SYSTEMPATH/Database/BaseBuilder.php(1585): CodeIgniter\Database\BaseConnection->query('SELECT *
FROM `settings`
WHERE `context` IS NULL', [], false)
 5 VENDORPATH/codeigniter4/settings/src/Handlers/DatabaseHandler.php(163): CodeIgniter\Database\BaseBuilder->get()
 6 VENDORPATH/codeigniter4/settings/src/Handlers/DatabaseHandler.php(41): CodeIgniter\Settings\Handlers\DatabaseHandler->hydrate(null)
 7 VENDORPATH/codeigniter4/settings/src/Settings.php(59): CodeIgniter\Settings\Handlers\DatabaseHandler->has('CodeIgniter\\Shield\\Config\\Auth', 'sessionConfig', null)
 8 VENDORPATH/codeigniter4/settings/src/Helpers/setting_helper.php(21): CodeIgniter\Settings\Settings->get('Auth.sessionConfig')
 9 VENDORPATH/codeigniter4/shield/src/Authentication/Authenticators/Session.php(643): setting('Auth.sessionConfig')
10 VENDORPATH/codeigniter4/shield/src/Authentication/Authenticators/Session.php(661): CodeIgniter\Shield\Authentication\Authenticators\Session->getSessionUserInfo()
11 VENDORPATH/codeigniter4/shield/src/Authentication/Authenticators/Session.php(367): CodeIgniter\Shield\Authentication\Authenticators\Session->getSessionKey('id')
12 VENDORPATH/codeigniter4/shield/src/Authentication/Authenticators/Session.php(351): CodeIgniter\Shield\Authentication\Authenticators\Session->checkUserState()
13 VENDORPATH/codeigniter4/shield/src/Auth.php(159): CodeIgniter\Shield\Authentication\Authenticators\Session->loggedIn()
14 VENDORPATH/codeigniter4/shield/src/Collectors/Auth.php(67): CodeIgniter\Shield\Auth->__call('loggedIn', [])
15 SYSTEMPATH/Debug/Toolbar/Collectors/BaseCollector.php(222): CodeIgniter\Shield\Collectors\Auth->display()
16 SYSTEMPATH/Debug/Toolbar.php(93): CodeIgniter\Debug\Toolbar\Collectors\BaseCollector->getAsArray()
17 SYSTEMPATH/Debug/Toolbar.php(376): CodeIgniter\Debug\Toolbar->run(1664721488.3430159091949462890625, 0.06389999999999999846789222601728397421538829803466796875, Object(CodeIgniter\HTTP\IncomingRequest), Object(CodeIgniter\HTTP\Response))
18 SYSTEMPATH/Filters/DebugToolbar.php(40): CodeIgniter\Debug\Toolbar->prepare(Object(CodeIgniter\HTTP\IncomingRequest), Object(CodeIgniter\HTTP\Response))
19 SYSTEMPATH/Filters/Filters.php(196): CodeIgniter\Filters\DebugToolbar->after(Object(CodeIgniter\HTTP\IncomingRequest), Object(CodeIgniter\HTTP\Response), null)
20 SYSTEMPATH/CodeIgniter.php(477): CodeIgniter\Filters\Filters->run('/', 'after')
21 SYSTEMPATH/CodeIgniter.php(340): CodeIgniter\CodeIgniter->handleRequest(null, Object(Config\Cache), false)
22 FCPATH/index.php(67): CodeIgniter\CodeIgniter->run()
ERROR - 2022-10-02 09:41:29 --> mysqli_sql_exception: Table 'kitgum.settings' doesn't exist in /opt/lampp/htdocs/kitgum.org/vendor/codeigniter4/framework/system/Database/MySQLi/Connection.php:292
Stack trace:
#0 /opt/lampp/htdocs/kitgum.org/vendor/codeigniter4/framework/system/Database/MySQLi/Connection.php(292): mysqli->query('SELECT *\nFROM `...', 0)
#1 /opt/lampp/htdocs/kitgum.org/vendor/codeigniter4/framework/system/Database/BaseConnection.php(693): CodeIgniter\Database\MySQLi\Connection->execute('SELECT *\nFROM `...')
#2 /opt/lampp/htdocs/kitgum.org/vendor/codeigniter4/framework/system/Database/BaseConnection.php(620): CodeIgniter\Database\BaseConnection->simpleQuery('SELECT *\nFROM `...')
#3 /opt/lampp/htdocs/kitgum.org/vendor/codeigniter4/framework/system/Database/BaseBuilder.php(1585): CodeIgniter\Database\BaseConnection->query('SELECT *\nFROM `...', Array, false)
#4 /opt/lampp/htdocs/kitgum.org/vendor/codeigniter4/settings/src/Handlers/DatabaseHandler.php(163): CodeIgniter\Database\BaseBuilder->get()
#5 /opt/lampp/htdocs/kitgum.org/vendor/codeigniter4/settings/src/Handlers/DatabaseHandler.php(41): CodeIgniter\Settings\Handlers\DatabaseHandler->hydrate(NULL)
#6 /opt/lampp/htdocs/kitgum.org/vendor/codeigniter4/settings/src/Settings.php(59): CodeIgniter\Settings\Handlers\DatabaseHandler->has('CodeIgniter\\Shi...', 'sessionConfig', NULL)
#7 /opt/lampp/htdocs/kitgum.org/vendor/codeigniter4/settings/src/Helpers/setting_helper.php(21): CodeIgniter\Settings\Settings->get('Auth.sessionCon...')
#8 /opt/lampp/htdocs/kitgum.org/vendor/codeigniter4/shield/src/Authentication/Authenticators/Session.php(643): setting('Auth.sessionCon...')
#9 /opt/lampp/htdocs/kitgum.org/vendor/codeigniter4/shield/src/Authentication/Authenticators/Session.php(661): CodeIgniter\Shield\Authentication\Authenticators\Session->getSessionUserInfo()
#10 /opt/lampp/htdocs/kitgum.org/vendor/codeigniter4/shield/src/Authentication/Authenticators/Session.php(367): CodeIgniter\Shield\Authentication\Authenticators\Session->getSessionKey('id')
#11 /opt/lampp/htdocs/kitgum.org/vendor/codeigniter4/shield/src/Authentication/Authenticators/Session.php(351): CodeIgniter\Shield\Authentication\Authenticators\Session->checkUserState()
#12 /opt/lampp/htdocs/kitgum.org/vendor/codeigniter4/shield/src/Auth.php(159): CodeIgniter\Shield\Authentication\Authenticators\Session->loggedIn()
#13 /opt/lampp/htdocs/kitgum.org/vendor/codeigniter4/shield/src/Collectors/Auth.php(67): CodeIgniter\Shield\Auth->__call('loggedIn', Array)
#14 /opt/lampp/htdocs/kitgum.org/vendor/codeigniter4/framework/system/Debug/Toolbar/Collectors/BaseCollector.php(222): CodeIgniter\Shield\Collectors\Auth->display()
#15 /opt/lampp/htdocs/kitgum.org/vendor/codeigniter4/framework/system/Debug/Toolbar.php(93): CodeIgniter\Debug\Toolbar\Collectors\BaseCollector->getAsArray()
#16 /opt/lampp/htdocs/kitgum.org/vendor/codeigniter4/framework/system/Debug/Toolbar.php(376): CodeIgniter\Debug\Toolbar->run(1664721689.5673, 0.0312, Object(CodeIgniter\HTTP\IncomingRequest), Object(CodeIgniter\HTTP\Response))
#17 /opt/lampp/htdocs/kitgum.org/vendor/codeigniter4/framework/system/Filters/DebugToolbar.php(40): CodeIgniter\Debug\Toolbar->prepare(Object(CodeIgniter\HTTP\IncomingRequest), Object(CodeIgniter\HTTP\Response))
#18 /opt/lampp/htdocs/kitgum.org/vendor/codeigniter4/framework/system/Filters/Filters.php(196): CodeIgniter\Filters\DebugToolbar->after(Object(CodeIgniter\HTTP\IncomingRequest), Object(CodeIgniter\HTTP\Response), NULL)
#19 /opt/lampp/htdocs/kitgum.org/vendor/codeigniter4/framework/system/CodeIgniter.php(477): CodeIgniter\Filters\Filters->run('/', 'after')
#20 /opt/lampp/htdocs/kitgum.org/vendor/codeigniter4/framework/system/CodeIgniter.php(340): CodeIgniter\CodeIgniter->handleRequest(NULL, Object(Config\Cache), false)
#21 /opt/lampp/htdocs/kitgum.org/public/index.php(67): CodeIgniter\CodeIgniter->run()
#22 {main}
CRITICAL - 2022-10-02 09:41:29 --> Table 'kitgum.settings' doesn't exist
in SYSTEMPATH/Database/MySQLi/Connection.php on line 292.
 1 SYSTEMPATH/Database/MySQLi/Connection.php(292): mysqli->query('SELECT *
FROM `settings`
WHERE `context` IS NULL', 0)
 2 SYSTEMPATH/Database/BaseConnection.php(693): CodeIgniter\Database\MySQLi\Connection->execute('SELECT *
FROM `settings`
WHERE `context` IS NULL')
 3 SYSTEMPATH/Database/BaseConnection.php(620): CodeIgniter\Database\BaseConnection->simpleQuery('SELECT *
FROM `settings`
WHERE `context` IS NULL')
 4 SYSTEMPATH/Database/BaseBuilder.php(1585): CodeIgniter\Database\BaseConnection->query('SELECT *
FROM `settings`
WHERE `context` IS NULL', [], false)
 5 VENDORPATH/codeigniter4/settings/src/Handlers/DatabaseHandler.php(163): CodeIgniter\Database\BaseBuilder->get()
 6 VENDORPATH/codeigniter4/settings/src/Handlers/DatabaseHandler.php(41): CodeIgniter\Settings\Handlers\DatabaseHandler->hydrate(null)
 7 VENDORPATH/codeigniter4/settings/src/Settings.php(59): CodeIgniter\Settings\Handlers\DatabaseHandler->has('CodeIgniter\\Shield\\Config\\Auth', 'sessionConfig', null)
 8 VENDORPATH/codeigniter4/settings/src/Helpers/setting_helper.php(21): CodeIgniter\Settings\Settings->get('Auth.sessionConfig')
 9 VENDORPATH/codeigniter4/shield/src/Authentication/Authenticators/Session.php(643): setting('Auth.sessionConfig')
10 VENDORPATH/codeigniter4/shield/src/Authentication/Authenticators/Session.php(661): CodeIgniter\Shield\Authentication\Authenticators\Session->getSessionUserInfo()
11 VENDORPATH/codeigniter4/shield/src/Authentication/Authenticators/Session.php(367): CodeIgniter\Shield\Authentication\Authenticators\Session->getSessionKey('id')
12 VENDORPATH/codeigniter4/shield/src/Authentication/Authenticators/Session.php(351): CodeIgniter\Shield\Authentication\Authenticators\Session->checkUserState()
13 VENDORPATH/codeigniter4/shield/src/Auth.php(159): CodeIgniter\Shield\Authentication\Authenticators\Session->loggedIn()
14 VENDORPATH/codeigniter4/shield/src/Collectors/Auth.php(67): CodeIgniter\Shield\Auth->__call('loggedIn', [])
15 SYSTEMPATH/Debug/Toolbar/Collectors/BaseCollector.php(222): CodeIgniter\Shield\Collectors\Auth->display()
16 SYSTEMPATH/Debug/Toolbar.php(93): CodeIgniter\Debug\Toolbar\Collectors\BaseCollector->getAsArray()
17 SYSTEMPATH/Debug/Toolbar.php(376): CodeIgniter\Debug\Toolbar->run(1664721689.5673389434814453125, 0.031199999999999998567812298233548062853515148162841796875, Object(CodeIgniter\HTTP\IncomingRequest), Object(CodeIgniter\HTTP\Response))
18 SYSTEMPATH/Filters/DebugToolbar.php(40): CodeIgniter\Debug\Toolbar->prepare(Object(CodeIgniter\HTTP\IncomingRequest), Object(CodeIgniter\HTTP\Response))
19 SYSTEMPATH/Filters/Filters.php(196): CodeIgniter\Filters\DebugToolbar->after(Object(CodeIgniter\HTTP\IncomingRequest), Object(CodeIgniter\HTTP\Response), null)
20 SYSTEMPATH/CodeIgniter.php(477): CodeIgniter\Filters\Filters->run('/', 'after')
21 SYSTEMPATH/CodeIgniter.php(340): CodeIgniter\CodeIgniter->handleRequest(null, Object(Config\Cache), false)
22 FCPATH/index.php(67): CodeIgniter\CodeIgniter->run()
ERROR - 2022-10-02 09:48:49 --> mysqli_sql_exception: Table 'kitgum.settings' doesn't exist in /opt/lampp/htdocs/kitgum.org/vendor/codeigniter4/framework/system/Database/MySQLi/Connection.php:292
Stack trace:
#0 /opt/lampp/htdocs/kitgum.org/vendor/codeigniter4/framework/system/Database/MySQLi/Connection.php(292): mysqli->query('SELECT *\nFROM `...', 0)
#1 /opt/lampp/htdocs/kitgum.org/vendor/codeigniter4/framework/system/Database/BaseConnection.php(693): CodeIgniter\Database\MySQLi\Connection->execute('SELECT *\nFROM `...')
#2 /opt/lampp/htdocs/kitgum.org/vendor/codeigniter4/framework/system/Database/BaseConnection.php(620): CodeIgniter\Database\BaseConnection->simpleQuery('SELECT *\nFROM `...')
#3 /opt/lampp/htdocs/kitgum.org/vendor/codeigniter4/framework/system/Database/BaseBuilder.php(1585): CodeIgniter\Database\BaseConnection->query('SELECT *\nFROM `...', Array, false)
#4 /opt/lampp/htdocs/kitgum.org/vendor/codeigniter4/settings/src/Handlers/DatabaseHandler.php(163): CodeIgniter\Database\BaseBuilder->get()
#5 /opt/lampp/htdocs/kitgum.org/vendor/codeigniter4/settings/src/Handlers/DatabaseHandler.php(41): CodeIgniter\Settings\Handlers\DatabaseHandler->hydrate(NULL)
#6 /opt/lampp/htdocs/kitgum.org/vendor/codeigniter4/settings/src/Settings.php(59): CodeIgniter\Settings\Handlers\DatabaseHandler->has('CodeIgniter\\Shi...', 'sessionConfig', NULL)
#7 /opt/lampp/htdocs/kitgum.org/vendor/codeigniter4/settings/src/Helpers/setting_helper.php(21): CodeIgniter\Settings\Settings->get('Auth.sessionCon...')
#8 /opt/lampp/htdocs/kitgum.org/vendor/codeigniter4/shield/src/Authentication/Authenticators/Session.php(643): setting('Auth.sessionCon...')
#9 /opt/lampp/htdocs/kitgum.org/vendor/codeigniter4/shield/src/Authentication/Authenticators/Session.php(661): CodeIgniter\Shield\Authentication\Authenticators\Session->getSessionUserInfo()
#10 /opt/lampp/htdocs/kitgum.org/vendor/codeigniter4/shield/src/Authentication/Authenticators/Session.php(367): CodeIgniter\Shield\Authentication\Authenticators\Session->getSessionKey('id')
#11 /opt/lampp/htdocs/kitgum.org/vendor/codeigniter4/shield/src/Authentication/Authenticators/Session.php(351): CodeIgniter\Shield\Authentication\Authenticators\Session->checkUserState()
#12 /opt/lampp/htdocs/kitgum.org/vendor/codeigniter4/shield/src/Auth.php(159): CodeIgniter\Shield\Authentication\Authenticators\Session->loggedIn()
#13 /opt/lampp/htdocs/kitgum.org/vendor/codeigniter4/shield/src/Collectors/Auth.php(67): CodeIgniter\Shield\Auth->__call('loggedIn', Array)
#14 /opt/lampp/htdocs/kitgum.org/vendor/codeigniter4/framework/system/Debug/Toolbar/Collectors/BaseCollector.php(222): CodeIgniter\Shield\Collectors\Auth->display()
#15 /opt/lampp/htdocs/kitgum.org/vendor/codeigniter4/framework/system/Debug/Toolbar.php(93): CodeIgniter\Debug\Toolbar\Collectors\BaseCollector->getAsArray()
#16 /opt/lampp/htdocs/kitgum.org/vendor/codeigniter4/framework/system/Debug/Toolbar.php(376): CodeIgniter\Debug\Toolbar->run(1664722129.5426, 0.0269, Object(CodeIgniter\HTTP\IncomingRequest), Object(CodeIgniter\HTTP\Response))
#17 /opt/lampp/htdocs/kitgum.org/vendor/codeigniter4/framework/system/Filters/DebugToolbar.php(40): CodeIgniter\Debug\Toolbar->prepare(Object(CodeIgniter\HTTP\IncomingRequest), Object(CodeIgniter\HTTP\Response))
#18 /opt/lampp/htdocs/kitgum.org/vendor/codeigniter4/framework/system/Filters/Filters.php(196): CodeIgniter\Filters\DebugToolbar->after(Object(CodeIgniter\HTTP\IncomingRequest), Object(CodeIgniter\HTTP\Response), NULL)
#19 /opt/lampp/htdocs/kitgum.org/vendor/codeigniter4/framework/system/CodeIgniter.php(477): CodeIgniter\Filters\Filters->run('/', 'after')
#20 /opt/lampp/htdocs/kitgum.org/vendor/codeigniter4/framework/system/CodeIgniter.php(340): CodeIgniter\CodeIgniter->handleRequest(NULL, Object(Config\Cache), false)
#21 /opt/lampp/htdocs/kitgum.org/index.php(67): CodeIgniter\CodeIgniter->run()
#22 {main}
CRITICAL - 2022-10-02 09:48:49 --> Table 'kitgum.settings' doesn't exist
in SYSTEMPATH/Database/MySQLi/Connection.php on line 292.
 1 SYSTEMPATH/Database/MySQLi/Connection.php(292): mysqli->query('SELECT *
FROM `settings`
WHERE `context` IS NULL', 0)
 2 SYSTEMPATH/Database/BaseConnection.php(693): CodeIgniter\Database\MySQLi\Connection->execute('SELECT *
FROM `settings`
WHERE `context` IS NULL')
 3 SYSTEMPATH/Database/BaseConnection.php(620): CodeIgniter\Database\BaseConnection->simpleQuery('SELECT *
FROM `settings`
WHERE `context` IS NULL')
 4 SYSTEMPATH/Database/BaseBuilder.php(1585): CodeIgniter\Database\BaseConnection->query('SELECT *
FROM `settings`
WHERE `context` IS NULL', [], false)
 5 FCPATH/vendor/codeigniter4/settings/src/Handlers/DatabaseHandler.php(163): CodeIgniter\Database\BaseBuilder->get()
 6 FCPATH/vendor/codeigniter4/settings/src/Handlers/DatabaseHandler.php(41): CodeIgniter\Settings\Handlers\DatabaseHandler->hydrate(null)
 7 FCPATH/vendor/codeigniter4/settings/src/Settings.php(59): CodeIgniter\Settings\Handlers\DatabaseHandler->has('CodeIgniter\\Shield\\Config\\Auth', 'sessionConfig', null)
 8 FCPATH/vendor/codeigniter4/settings/src/Helpers/setting_helper.php(21): CodeIgniter\Settings\Settings->get('Auth.sessionConfig')
 9 FCPATH/vendor/codeigniter4/shield/src/Authentication/Authenticators/Session.php(643): setting('Auth.sessionConfig')
10 FCPATH/vendor/codeigniter4/shield/src/Authentication/Authenticators/Session.php(661): CodeIgniter\Shield\Authentication\Authenticators\Session->getSessionUserInfo()
11 FCPATH/vendor/codeigniter4/shield/src/Authentication/Authenticators/Session.php(367): CodeIgniter\Shield\Authentication\Authenticators\Session->getSessionKey('id')
12 FCPATH/vendor/codeigniter4/shield/src/Authentication/Authenticators/Session.php(351): CodeIgniter\Shield\Authentication\Authenticators\Session->checkUserState()
13 FCPATH/vendor/codeigniter4/shield/src/Auth.php(159): CodeIgniter\Shield\Authentication\Authenticators\Session->loggedIn()
14 FCPATH/vendor/codeigniter4/shield/src/Collectors/Auth.php(67): CodeIgniter\Shield\Auth->__call('loggedIn', [])
15 SYSTEMPATH/Debug/Toolbar/Collectors/BaseCollector.php(222): CodeIgniter\Shield\Collectors\Auth->display()
16 SYSTEMPATH/Debug/Toolbar.php(93): CodeIgniter\Debug\Toolbar\Collectors\BaseCollector->getAsArray()
17 SYSTEMPATH/Debug/Toolbar.php(376): CodeIgniter\Debug\Toolbar->run(1664722129.5425860881805419921875, 0.026900000000000000299760216648792265914380550384521484375, Object(CodeIgniter\HTTP\IncomingRequest), Object(CodeIgniter\HTTP\Response))
18 SYSTEMPATH/Filters/DebugToolbar.php(40): CodeIgniter\Debug\Toolbar->prepare(Object(CodeIgniter\HTTP\IncomingRequest), Object(CodeIgniter\HTTP\Response))
19 SYSTEMPATH/Filters/Filters.php(196): CodeIgniter\Filters\DebugToolbar->after(Object(CodeIgniter\HTTP\IncomingRequest), Object(CodeIgniter\HTTP\Response), null)
20 SYSTEMPATH/CodeIgniter.php(477): CodeIgniter\Filters\Filters->run('/', 'after')
21 SYSTEMPATH/CodeIgniter.php(340): CodeIgniter\CodeIgniter->handleRequest(null, Object(Config\Cache), false)
22 FCPATH/index.php(67): CodeIgniter\CodeIgniter->run()
CRITICAL - 2022-10-02 10:04:55 --> Class "CodeIgniter\Shield\Config\Auth" not found
in APPPATH/Config/Auth.php on line 18.
 1 SYSTEMPATH/Autoloader/Autoloader.php(282): include_once()
 2 SYSTEMPATH/Autoloader/Autoloader.php(259): CodeIgniter\Autoloader\Autoloader->includeFile('APPPATH/Config/Auth.php')
 3 SYSTEMPATH/Autoloader/Autoloader.php(237): CodeIgniter\Autoloader\Autoloader->loadInNamespace('Config\\Auth')
 4 [internal function]: CodeIgniter\Autoloader\Autoloader->loadClass('Config\\Auth')
 5 SYSTEMPATH/Config/Factories.php(152): class_exists('Config\\Auth')
 6 SYSTEMPATH/Config/Factories.php(122): CodeIgniter\Config\Factories::locateClass([...], 'Auth')
 7 SYSTEMPATH/Common.php(200): CodeIgniter\Config\Factories::__callStatic('config', [])
 8 FCPATH/vendor/codeigniter4/shield/src/Config/Services.php(23): config('Auth')
 9 SYSTEMPATH/Config/BaseService.php(253): CodeIgniter\Shield\Config\Services::auth(false)
10 SYSTEMPATH/Config/BaseService.php(194): CodeIgniter\Config\BaseService::__callStatic('auth', [...])
11 FCPATH/vendor/codeigniter4/shield/src/Config/Services.php(20): CodeIgniter\Config\BaseService::getSharedInstance('auth')
12 SYSTEMPATH/Config/BaseService.php(253): CodeIgniter\Shield\Config\Services::auth()
13 SYSTEMPATH/Common.php(967): CodeIgniter\Config\BaseService::__callStatic('auth', [])
14 FCPATH/vendor/codeigniter4/shield/src/Collectors/Auth.php(51): service('auth')
15 SYSTEMPATH/Debug/Toolbar.php(65): CodeIgniter\Shield\Collectors\Auth->__construct()
16 SYSTEMPATH/Config/Services.php(714): CodeIgniter\Debug\Toolbar->__construct(Object(Config\Toolbar))
17 SYSTEMPATH/Config/BaseService.php(253): CodeIgniter\Config\Services::toolbar(Object(Config\Toolbar), false)
18 SYSTEMPATH/Config/BaseService.php(194): CodeIgniter\Config\BaseService::__callStatic('toolbar', [...])
19 SYSTEMPATH/Config/Services.php(709): CodeIgniter\Config\BaseService::getSharedInstance('toolbar', null)
20 SYSTEMPATH/Config/BaseService.php(253): CodeIgniter\Config\Services::toolbar()
21 APPPATH/Config/Events.php(46): CodeIgniter\Config\BaseService::__callStatic('toolbar', [])
22 SYSTEMPATH/Events/Events.php(149): CodeIgniter\Events\Events::Config\{closure}()
23 SYSTEMPATH/CodeIgniter.php(317): CodeIgniter\Events\Events::trigger('pre_system')
24 FCPATH/index.php(67): CodeIgniter\CodeIgniter->run()
CRITICAL - 2022-10-02 10:06:20 --> Config\Security::$csrfProtection is set to 'cookie'. Same-site attackers may bypass the CSRF protection. Please set it to 'session'.
in FCPATH/vendor/codeigniter4/shield/src/Authentication/Authenticators/Session.php on line 96.
 1 FCPATH/vendor/codeigniter4/shield/src/Authentication/Authenticators/Session.php(84): CodeIgniter\Shield\Authentication\Authenticators\Session->checkSecurityConfig()
 2 FCPATH/vendor/codeigniter4/shield/src/Authentication/Authentication.php(58): CodeIgniter\Shield\Authentication\Authenticators\Session->__construct(Object(CodeIgniter\Shield\Models\UserModel))
 3 FCPATH/vendor/codeigniter4/shield/src/Auth.php(63): CodeIgniter\Shield\Authentication\Authentication->factory('session')
 4 FCPATH/vendor/codeigniter4/shield/src/Collectors/Auth.php(59): CodeIgniter\Shield\Auth->getAuthenticator()
 5 SYSTEMPATH/Debug/Toolbar/Collectors/BaseCollector.php(221): CodeIgniter\Shield\Collectors\Auth->getTitleDetails()
 6 SYSTEMPATH/Debug/Toolbar.php(93): CodeIgniter\Debug\Toolbar\Collectors\BaseCollector->getAsArray()
 7 SYSTEMPATH/Debug/Toolbar.php(376): CodeIgniter\Debug\Toolbar->run(1664723180.455358028411865234375, 0.0285000000000000010269562977782697998918592929840087890625, Object(CodeIgniter\HTTP\IncomingRequest), Object(CodeIgniter\HTTP\Response))
 8 SYSTEMPATH/Filters/DebugToolbar.php(40): CodeIgniter\Debug\Toolbar->prepare(Object(CodeIgniter\HTTP\IncomingRequest), Object(CodeIgniter\HTTP\Response))
 9 SYSTEMPATH/Filters/Filters.php(196): CodeIgniter\Filters\DebugToolbar->after(Object(CodeIgniter\HTTP\IncomingRequest), Object(CodeIgniter\HTTP\Response), null)
10 SYSTEMPATH/CodeIgniter.php(477): CodeIgniter\Filters\Filters->run('/', 'after')
11 SYSTEMPATH/CodeIgniter.php(340): CodeIgniter\CodeIgniter->handleRequest(null, Object(Config\Cache), false)
12 FCPATH/index.php(67): CodeIgniter\CodeIgniter->run()
CRITICAL - 2022-10-02 10:14:35 --> Config\Security::$csrfProtection is set to 'cookie'. Same-site attackers may bypass the CSRF protection. Please set it to 'session'.
in FCPATH/vendor/codeigniter4/shield/src/Authentication/Authenticators/Session.php on line 96.
 1 FCPATH/vendor/codeigniter4/shield/src/Authentication/Authenticators/Session.php(84): CodeIgniter\Shield\Authentication\Authenticators\Session->checkSecurityConfig()
 2 FCPATH/vendor/codeigniter4/shield/src/Authentication/Authentication.php(58): CodeIgniter\Shield\Authentication\Authenticators\Session->__construct(Object(CodeIgniter\Shield\Models\UserModel))
 3 FCPATH/vendor/codeigniter4/shield/src/Auth.php(63): CodeIgniter\Shield\Authentication\Authentication->factory('session')
 4 FCPATH/vendor/codeigniter4/shield/src/Collectors/Auth.php(59): CodeIgniter\Shield\Auth->getAuthenticator()
 5 SYSTEMPATH/Debug/Toolbar/Collectors/BaseCollector.php(221): CodeIgniter\Shield\Collectors\Auth->getTitleDetails()
 6 SYSTEMPATH/Debug/Toolbar.php(93): CodeIgniter\Debug\Toolbar\Collectors\BaseCollector->getAsArray()
 7 SYSTEMPATH/Debug/Toolbar.php(376): CodeIgniter\Debug\Toolbar->run(1664723675.3804290294647216796875, 0.0305999999999999987287946368041957612149417400360107421875, Object(CodeIgniter\HTTP\IncomingRequest), Object(CodeIgniter\HTTP\Response))
 8 SYSTEMPATH/Filters/DebugToolbar.php(40): CodeIgniter\Debug\Toolbar->prepare(Object(CodeIgniter\HTTP\IncomingRequest), Object(CodeIgniter\HTTP\Response))
 9 SYSTEMPATH/Filters/Filters.php(196): CodeIgniter\Filters\DebugToolbar->after(Object(CodeIgniter\HTTP\IncomingRequest), Object(CodeIgniter\HTTP\Response), null)
10 SYSTEMPATH/CodeIgniter.php(477): CodeIgniter\Filters\Filters->run('/', 'after')
11 SYSTEMPATH/CodeIgniter.php(340): CodeIgniter\CodeIgniter->handleRequest(null, Object(Config\Cache), false)
12 FCPATH/index.php(67): CodeIgniter\CodeIgniter->run()
CRITICAL - 2022-10-02 10:20:37 --> Config\Security::$csrfProtection is set to 'cookie'. Same-site attackers may bypass the CSRF protection. Please set it to 'session'.
in FCPATH/vendor/codeigniter4/shield/src/Authentication/Authenticators/Session.php on line 96.
 1 FCPATH/vendor/codeigniter4/shield/src/Authentication/Authenticators/Session.php(84): CodeIgniter\Shield\Authentication\Authenticators\Session->checkSecurityConfig()
 2 FCPATH/vendor/codeigniter4/shield/src/Authentication/Authentication.php(58): CodeIgniter\Shield\Authentication\Authenticators\Session->__construct(Object(CodeIgniter\Shield\Models\UserModel))
 3 FCPATH/vendor/codeigniter4/shield/src/Auth.php(63): CodeIgniter\Shield\Authentication\Authentication->factory('session')
 4 FCPATH/vendor/codeigniter4/shield/src/Collectors/Auth.php(59): CodeIgniter\Shield\Auth->getAuthenticator()
 5 SYSTEMPATH/Debug/Toolbar/Collectors/BaseCollector.php(221): CodeIgniter\Shield\Collectors\Auth->getTitleDetails()
 6 SYSTEMPATH/Debug/Toolbar.php(93): CodeIgniter\Debug\Toolbar\Collectors\BaseCollector->getAsArray()
 7 SYSTEMPATH/Debug/Toolbar.php(376): CodeIgniter\Debug\Toolbar->run(1664724037.4861409664154052734375, 0.0268000000000000009048317650695025804452598094940185546875, Object(CodeIgniter\HTTP\IncomingRequest), Object(CodeIgniter\HTTP\Response))
 8 SYSTEMPATH/Filters/DebugToolbar.php(40): CodeIgniter\Debug\Toolbar->prepare(Object(CodeIgniter\HTTP\IncomingRequest), Object(CodeIgniter\HTTP\Response))
 9 SYSTEMPATH/Filters/Filters.php(196): CodeIgniter\Filters\DebugToolbar->after(Object(CodeIgniter\HTTP\IncomingRequest), Object(CodeIgniter\HTTP\Response), null)
10 SYSTEMPATH/CodeIgniter.php(477): CodeIgniter\Filters\Filters->run('/', 'after')
11 SYSTEMPATH/CodeIgniter.php(340): CodeIgniter\CodeIgniter->handleRequest(null, Object(Config\Cache), false)
12 FCPATH/index.php(67): CodeIgniter\CodeIgniter->run()
CRITICAL - 2022-10-02 10:20:47 --> Config\Security::$csrfProtection is set to 'cookie'. Same-site attackers may bypass the CSRF protection. Please set it to 'session'.
in VENDORPATH/codeigniter4/shield/src/Authentication/Authenticators/Session.php on line 96.
 1 VENDORPATH/codeigniter4/shield/src/Authentication/Authenticators/Session.php(84): CodeIgniter\Shield\Authentication\Authenticators\Session->checkSecurityConfig()
 2 VENDORPATH/codeigniter4/shield/src/Authentication/Authentication.php(58): CodeIgniter\Shield\Authentication\Authenticators\Session->__construct(Object(CodeIgniter\Shield\Models\UserModel))
 3 VENDORPATH/codeigniter4/shield/src/Auth.php(63): CodeIgniter\Shield\Authentication\Authentication->factory('session')
 4 VENDORPATH/codeigniter4/shield/src/Collectors/Auth.php(59): CodeIgniter\Shield\Auth->getAuthenticator()
 5 SYSTEMPATH/Debug/Toolbar/Collectors/BaseCollector.php(221): CodeIgniter\Shield\Collectors\Auth->getTitleDetails()
 6 SYSTEMPATH/Debug/Toolbar.php(93): CodeIgniter\Debug\Toolbar\Collectors\BaseCollector->getAsArray()
 7 SYSTEMPATH/Debug/Toolbar.php(376): CodeIgniter\Debug\Toolbar->run(1664724047.64052295684814453125, 0.0256000000000000012267964422107979771681129932403564453125, Object(CodeIgniter\HTTP\IncomingRequest), Object(CodeIgniter\HTTP\Response))
 8 SYSTEMPATH/Filters/DebugToolbar.php(40): CodeIgniter\Debug\Toolbar->prepare(Object(CodeIgniter\HTTP\IncomingRequest), Object(CodeIgniter\HTTP\Response))
 9 SYSTEMPATH/Filters/Filters.php(196): CodeIgniter\Filters\DebugToolbar->after(Object(CodeIgniter\HTTP\IncomingRequest), Object(CodeIgniter\HTTP\Response), null)
10 SYSTEMPATH/CodeIgniter.php(477): CodeIgniter\Filters\Filters->run('/', 'after')
11 SYSTEMPATH/CodeIgniter.php(340): CodeIgniter\CodeIgniter->handleRequest(null, Object(Config\Cache), false)
12 FCPATH/index.php(67): CodeIgniter\CodeIgniter->run()
CRITICAL - 2022-10-02 10:20:52 --> Config\Security::$csrfProtection is set to 'cookie'. Same-site attackers may bypass the CSRF protection. Please set it to 'session'.
in VENDORPATH/codeigniter4/shield/src/Authentication/Authenticators/Session.php on line 96.
 1 VENDORPATH/codeigniter4/shield/src/Authentication/Authenticators/Session.php(84): CodeIgniter\Shield\Authentication\Authenticators\Session->checkSecurityConfig()
 2 VENDORPATH/codeigniter4/shield/src/Authentication/Authentication.php(58): CodeIgniter\Shield\Authentication\Authenticators\Session->__construct(Object(CodeIgniter\Shield\Models\UserModel))
 3 VENDORPATH/codeigniter4/shield/src/Auth.php(63): CodeIgniter\Shield\Authentication\Authentication->factory('session')
 4 VENDORPATH/codeigniter4/shield/src/Collectors/Auth.php(59): CodeIgniter\Shield\Auth->getAuthenticator()
 5 SYSTEMPATH/Debug/Toolbar/Collectors/BaseCollector.php(221): CodeIgniter\Shield\Collectors\Auth->getTitleDetails()
 6 SYSTEMPATH/Debug/Toolbar.php(93): CodeIgniter\Debug\Toolbar\Collectors\BaseCollector->getAsArray()
 7 SYSTEMPATH/Debug/Toolbar.php(376): CodeIgniter\Debug\Toolbar->run(1664724052.1140019893646240234375, 0.0273000000000000013489209749195651966147124767303466796875, Object(CodeIgniter\HTTP\IncomingRequest), Object(CodeIgniter\HTTP\Response))
 8 SYSTEMPATH/Filters/DebugToolbar.php(40): CodeIgniter\Debug\Toolbar->prepare(Object(CodeIgniter\HTTP\IncomingRequest), Object(CodeIgniter\HTTP\Response))
 9 SYSTEMPATH/Filters/Filters.php(196): CodeIgniter\Filters\DebugToolbar->after(Object(CodeIgniter\HTTP\IncomingRequest), Object(CodeIgniter\HTTP\Response), null)
10 SYSTEMPATH/CodeIgniter.php(477): CodeIgniter\Filters\Filters->run('/', 'after')
11 SYSTEMPATH/CodeIgniter.php(340): CodeIgniter\CodeIgniter->handleRequest(null, Object(Config\Cache), false)
12 FCPATH/index.php(67): CodeIgniter\CodeIgniter->run()
ERROR - 2022-10-02 10:21:11 --> mysqli_sql_exception: Table 'kitgum.settings' doesn't exist in /opt/lampp/htdocs/kitgum.org/vendor/codeigniter4/framework/system/Database/MySQLi/Connection.php:292
Stack trace:
#0 /opt/lampp/htdocs/kitgum.org/vendor/codeigniter4/framework/system/Database/MySQLi/Connection.php(292): mysqli->query('SELECT *\nFROM `...', 0)
#1 /opt/lampp/htdocs/kitgum.org/vendor/codeigniter4/framework/system/Database/BaseConnection.php(693): CodeIgniter\Database\MySQLi\Connection->execute('SELECT *\nFROM `...')
#2 /opt/lampp/htdocs/kitgum.org/vendor/codeigniter4/framework/system/Database/BaseConnection.php(620): CodeIgniter\Database\BaseConnection->simpleQuery('SELECT *\nFROM `...')
#3 /opt/lampp/htdocs/kitgum.org/vendor/codeigniter4/framework/system/Database/BaseBuilder.php(1585): CodeIgniter\Database\BaseConnection->query('SELECT *\nFROM `...', Array, false)
#4 /opt/lampp/htdocs/kitgum.org/vendor/codeigniter4/settings/src/Handlers/DatabaseHandler.php(163): CodeIgniter\Database\BaseBuilder->get()
#5 /opt/lampp/htdocs/kitgum.org/vendor/codeigniter4/settings/src/Handlers/DatabaseHandler.php(41): CodeIgniter\Settings\Handlers\DatabaseHandler->hydrate(NULL)
#6 /opt/lampp/htdocs/kitgum.org/vendor/codeigniter4/settings/src/Settings.php(59): CodeIgniter\Settings\Handlers\DatabaseHandler->has('Config\\Auth', 'sessionConfig', NULL)
#7 /opt/lampp/htdocs/kitgum.org/vendor/codeigniter4/settings/src/Helpers/setting_helper.php(21): CodeIgniter\Settings\Settings->get('Auth.sessionCon...')
#8 /opt/lampp/htdocs/kitgum.org/vendor/codeigniter4/shield/src/Authentication/Authenticators/Session.php(643): setting('Auth.sessionCon...')
#9 /opt/lampp/htdocs/kitgum.org/vendor/codeigniter4/shield/src/Authentication/Authenticators/Session.php(661): CodeIgniter\Shield\Authentication\Authenticators\Session->getSessionUserInfo()
#10 /opt/lampp/htdocs/kitgum.org/vendor/codeigniter4/shield/src/Authentication/Authenticators/Session.php(367): CodeIgniter\Shield\Authentication\Authenticators\Session->getSessionKey('id')
#11 /opt/lampp/htdocs/kitgum.org/vendor/codeigniter4/shield/src/Authentication/Authenticators/Session.php(351): CodeIgniter\Shield\Authentication\Authenticators\Session->checkUserState()
#12 /opt/lampp/htdocs/kitgum.org/vendor/codeigniter4/shield/src/Auth.php(159): CodeIgniter\Shield\Authentication\Authenticators\Session->loggedIn()
#13 /opt/lampp/htdocs/kitgum.org/vendor/codeigniter4/shield/src/Collectors/Auth.php(67): CodeIgniter\Shield\Auth->__call('loggedIn', Array)
#14 /opt/lampp/htdocs/kitgum.org/vendor/codeigniter4/framework/system/Debug/Toolbar/Collectors/BaseCollector.php(222): CodeIgniter\Shield\Collectors\Auth->display()
#15 /opt/lampp/htdocs/kitgum.org/vendor/codeigniter4/framework/system/Debug/Toolbar.php(93): CodeIgniter\Debug\Toolbar\Collectors\BaseCollector->getAsArray()
#16 /opt/lampp/htdocs/kitgum.org/vendor/codeigniter4/framework/system/Debug/Toolbar.php(376): CodeIgniter\Debug\Toolbar->run(1664724071.9334, 0.0263, Object(CodeIgniter\HTTP\IncomingRequest), Object(CodeIgniter\HTTP\Response))
#17 /opt/lampp/htdocs/kitgum.org/vendor/codeigniter4/framework/system/Filters/DebugToolbar.php(40): CodeIgniter\Debug\Toolbar->prepare(Object(CodeIgniter\HTTP\IncomingRequest), Object(CodeIgniter\HTTP\Response))
#18 /opt/lampp/htdocs/kitgum.org/vendor/codeigniter4/framework/system/Filters/Filters.php(196): CodeIgniter\Filters\DebugToolbar->after(Object(CodeIgniter\HTTP\IncomingRequest), Object(CodeIgniter\HTTP\Response), NULL)
#19 /opt/lampp/htdocs/kitgum.org/vendor/codeigniter4/framework/system/CodeIgniter.php(477): CodeIgniter\Filters\Filters->run('/', 'after')
#20 /opt/lampp/htdocs/kitgum.org/vendor/codeigniter4/framework/system/CodeIgniter.php(340): CodeIgniter\CodeIgniter->handleRequest(NULL, Object(Config\Cache), false)
#21 /opt/lampp/htdocs/kitgum.org/public/index.php(67): CodeIgniter\CodeIgniter->run()
#22 {main}
CRITICAL - 2022-10-02 10:21:11 --> Table 'kitgum.settings' doesn't exist
in SYSTEMPATH/Database/MySQLi/Connection.php on line 292.
 1 SYSTEMPATH/Database/MySQLi/Connection.php(292): mysqli->query('SELECT *
FROM `settings`
WHERE `context` IS NULL', 0)
 2 SYSTEMPATH/Database/BaseConnection.php(693): CodeIgniter\Database\MySQLi\Connection->execute('SELECT *
FROM `settings`
WHERE `context` IS NULL')
 3 SYSTEMPATH/Database/BaseConnection.php(620): CodeIgniter\Database\BaseConnection->simpleQuery('SELECT *
FROM `settings`
WHERE `context` IS NULL')
 4 SYSTEMPATH/Database/BaseBuilder.php(1585): CodeIgniter\Database\BaseConnection->query('SELECT *
FROM `settings`
WHERE `context` IS NULL', [], false)
 5 VENDORPATH/codeigniter4/settings/src/Handlers/DatabaseHandler.php(163): CodeIgniter\Database\BaseBuilder->get()
 6 VENDORPATH/codeigniter4/settings/src/Handlers/DatabaseHandler.php(41): CodeIgniter\Settings\Handlers\DatabaseHandler->hydrate(null)
 7 VENDORPATH/codeigniter4/settings/src/Settings.php(59): CodeIgniter\Settings\Handlers\DatabaseHandler->has('Config\\Auth', 'sessionConfig', null)
 8 VENDORPATH/codeigniter4/settings/src/Helpers/setting_helper.php(21): CodeIgniter\Settings\Settings->get('Auth.sessionConfig')
 9 VENDORPATH/codeigniter4/shield/src/Authentication/Authenticators/Session.php(643): setting('Auth.sessionConfig')
10 VENDORPATH/codeigniter4/shield/src/Authentication/Authenticators/Session.php(661): CodeIgniter\Shield\Authentication\Authenticators\Session->getSessionUserInfo()
11 VENDORPATH/codeigniter4/shield/src/Authentication/Authenticators/Session.php(367): CodeIgniter\Shield\Authentication\Authenticators\Session->getSessionKey('id')
12 VENDORPATH/codeigniter4/shield/src/Authentication/Authenticators/Session.php(351): CodeIgniter\Shield\Authentication\Authenticators\Session->checkUserState()
13 VENDORPATH/codeigniter4/shield/src/Auth.php(159): CodeIgniter\Shield\Authentication\Authenticators\Session->loggedIn()
14 VENDORPATH/codeigniter4/shield/src/Collectors/Auth.php(67): CodeIgniter\Shield\Auth->__call('loggedIn', [])
15 SYSTEMPATH/Debug/Toolbar/Collectors/BaseCollector.php(222): CodeIgniter\Shield\Collectors\Auth->display()
16 SYSTEMPATH/Debug/Toolbar.php(93): CodeIgniter\Debug\Toolbar\Collectors\BaseCollector->getAsArray()
17 SYSTEMPATH/Debug/Toolbar.php(376): CodeIgniter\Debug\Toolbar->run(1664724071.9333560466766357421875, 0.0263000000000000004607425552194399642758071422576904296875, Object(CodeIgniter\HTTP\IncomingRequest), Object(CodeIgniter\HTTP\Response))
18 SYSTEMPATH/Filters/DebugToolbar.php(40): CodeIgniter\Debug\Toolbar->prepare(Object(CodeIgniter\HTTP\IncomingRequest), Object(CodeIgniter\HTTP\Response))
19 SYSTEMPATH/Filters/Filters.php(196): CodeIgniter\Filters\DebugToolbar->after(Object(CodeIgniter\HTTP\IncomingRequest), Object(CodeIgniter\HTTP\Response), null)
20 SYSTEMPATH/CodeIgniter.php(477): CodeIgniter\Filters\Filters->run('/', 'after')
21 SYSTEMPATH/CodeIgniter.php(340): CodeIgniter\CodeIgniter->handleRequest(null, Object(Config\Cache), false)
22 FCPATH/index.php(67): CodeIgniter\CodeIgniter->run()
ERROR - 2022-10-02 10:21:16 --> mysqli_sql_exception: Table 'kitgum.settings' doesn't exist in /opt/lampp/htdocs/kitgum.org/vendor/codeigniter4/framework/system/Database/MySQLi/Connection.php:292
Stack trace:
#0 /opt/lampp/htdocs/kitgum.org/vendor/codeigniter4/framework/system/Database/MySQLi/Connection.php(292): mysqli->query('SELECT *\nFROM `...', 0)
#1 /opt/lampp/htdocs/kitgum.org/vendor/codeigniter4/framework/system/Database/BaseConnection.php(693): CodeIgniter\Database\MySQLi\Connection->execute('SELECT *\nFROM `...')
#2 /opt/lampp/htdocs/kitgum.org/vendor/codeigniter4/framework/system/Database/BaseConnection.php(620): CodeIgniter\Database\BaseConnection->simpleQuery('SELECT *\nFROM `...')
#3 /opt/lampp/htdocs/kitgum.org/vendor/codeigniter4/framework/system/Database/BaseBuilder.php(1585): CodeIgniter\Database\BaseConnection->query('SELECT *\nFROM `...', Array, false)
#4 /opt/lampp/htdocs/kitgum.org/vendor/codeigniter4/settings/src/Handlers/DatabaseHandler.php(163): CodeIgniter\Database\BaseBuilder->get()
#5 /opt/lampp/htdocs/kitgum.org/vendor/codeigniter4/settings/src/Handlers/DatabaseHandler.php(41): CodeIgniter\Settings\Handlers\DatabaseHandler->hydrate(NULL)
#6 /opt/lampp/htdocs/kitgum.org/vendor/codeigniter4/settings/src/Settings.php(59): CodeIgniter\Settings\Handlers\DatabaseHandler->has('Config\\Auth', 'sessionConfig', NULL)
#7 /opt/lampp/htdocs/kitgum.org/vendor/codeigniter4/settings/src/Helpers/setting_helper.php(21): CodeIgniter\Settings\Settings->get('Auth.sessionCon...')
#8 /opt/lampp/htdocs/kitgum.org/vendor/codeigniter4/shield/src/Authentication/Authenticators/Session.php(643): setting('Auth.sessionCon...')
#9 /opt/lampp/htdocs/kitgum.org/vendor/codeigniter4/shield/src/Authentication/Authenticators/Session.php(661): CodeIgniter\Shield\Authentication\Authenticators\Session->getSessionUserInfo()
#10 /opt/lampp/htdocs/kitgum.org/vendor/codeigniter4/shield/src/Authentication/Authenticators/Session.php(367): CodeIgniter\Shield\Authentication\Authenticators\Session->getSessionKey('id')
#11 /opt/lampp/htdocs/kitgum.org/vendor/codeigniter4/shield/src/Authentication/Authenticators/Session.php(351): CodeIgniter\Shield\Authentication\Authenticators\Session->checkUserState()
#12 /opt/lampp/htdocs/kitgum.org/vendor/codeigniter4/shield/src/Auth.php(159): CodeIgniter\Shield\Authentication\Authenticators\Session->loggedIn()
#13 /opt/lampp/htdocs/kitgum.org/vendor/codeigniter4/shield/src/Collectors/Auth.php(67): CodeIgniter\Shield\Auth->__call('loggedIn', Array)
#14 /opt/lampp/htdocs/kitgum.org/vendor/codeigniter4/framework/system/Debug/Toolbar/Collectors/BaseCollector.php(222): CodeIgniter\Shield\Collectors\Auth->display()
#15 /opt/lampp/htdocs/kitgum.org/vendor/codeigniter4/framework/system/Debug/Toolbar.php(93): CodeIgniter\Debug\Toolbar\Collectors\BaseCollector->getAsArray()
#16 /opt/lampp/htdocs/kitgum.org/vendor/codeigniter4/framework/system/Debug/Toolbar.php(376): CodeIgniter\Debug\Toolbar->run(1664724076.8652, 0.0269, Object(CodeIgniter\HTTP\IncomingRequest), Object(CodeIgniter\HTTP\Response))
#17 /opt/lampp/htdocs/kitgum.org/vendor/codeigniter4/framework/system/Filters/DebugToolbar.php(40): CodeIgniter\Debug\Toolbar->prepare(Object(CodeIgniter\HTTP\IncomingRequest), Object(CodeIgniter\HTTP\Response))
#18 /opt/lampp/htdocs/kitgum.org/vendor/codeigniter4/framework/system/Filters/Filters.php(196): CodeIgniter\Filters\DebugToolbar->after(Object(CodeIgniter\HTTP\IncomingRequest), Object(CodeIgniter\HTTP\Response), NULL)
#19 /opt/lampp/htdocs/kitgum.org/vendor/codeigniter4/framework/system/CodeIgniter.php(477): CodeIgniter\Filters\Filters->run('/', 'after')
#20 /opt/lampp/htdocs/kitgum.org/vendor/codeigniter4/framework/system/CodeIgniter.php(340): CodeIgniter\CodeIgniter->handleRequest(NULL, Object(Config\Cache), false)
#21 /opt/lampp/htdocs/kitgum.org/index.php(67): CodeIgniter\CodeIgniter->run()
#22 {main}
CRITICAL - 2022-10-02 10:21:16 --> Table 'kitgum.settings' doesn't exist
in SYSTEMPATH/Database/MySQLi/Connection.php on line 292.
 1 SYSTEMPATH/Database/MySQLi/Connection.php(292): mysqli->query('SELECT *
FROM `settings`
WHERE `context` IS NULL', 0)
 2 SYSTEMPATH/Database/BaseConnection.php(693): CodeIgniter\Database\MySQLi\Connection->execute('SELECT *
FROM `settings`
WHERE `context` IS NULL')
 3 SYSTEMPATH/Database/BaseConnection.php(620): CodeIgniter\Database\BaseConnection->simpleQuery('SELECT *
FROM `settings`
WHERE `context` IS NULL')
 4 SYSTEMPATH/Database/BaseBuilder.php(1585): CodeIgniter\Database\BaseConnection->query('SELECT *
FROM `settings`
WHERE `context` IS NULL', [], false)
 5 FCPATH/vendor/codeigniter4/settings/src/Handlers/DatabaseHandler.php(163): CodeIgniter\Database\BaseBuilder->get()
 6 FCPATH/vendor/codeigniter4/settings/src/Handlers/DatabaseHandler.php(41): CodeIgniter\Settings\Handlers\DatabaseHandler->hydrate(null)
 7 FCPATH/vendor/codeigniter4/settings/src/Settings.php(59): CodeIgniter\Settings\Handlers\DatabaseHandler->has('Config\\Auth', 'sessionConfig', null)
 8 FCPATH/vendor/codeigniter4/settings/src/Helpers/setting_helper.php(21): CodeIgniter\Settings\Settings->get('Auth.sessionConfig')
 9 FCPATH/vendor/codeigniter4/shield/src/Authentication/Authenticators/Session.php(643): setting('Auth.sessionConfig')
10 FCPATH/vendor/codeigniter4/shield/src/Authentication/Authenticators/Session.php(661): CodeIgniter\Shield\Authentication\Authenticators\Session->getSessionUserInfo()
11 FCPATH/vendor/codeigniter4/shield/src/Authentication/Authenticators/Session.php(367): CodeIgniter\Shield\Authentication\Authenticators\Session->getSessionKey('id')
12 FCPATH/vendor/codeigniter4/shield/src/Authentication/Authenticators/Session.php(351): CodeIgniter\Shield\Authentication\Authenticators\Session->checkUserState()
13 FCPATH/vendor/codeigniter4/shield/src/Auth.php(159): CodeIgniter\Shield\Authentication\Authenticators\Session->loggedIn()
14 FCPATH/vendor/codeigniter4/shield/src/Collectors/Auth.php(67): CodeIgniter\Shield\Auth->__call('loggedIn', [])
15 SYSTEMPATH/Debug/Toolbar/Collectors/BaseCollector.php(222): CodeIgniter\Shield\Collectors\Auth->display()
16 SYSTEMPATH/Debug/Toolbar.php(93): CodeIgniter\Debug\Toolbar\Collectors\BaseCollector->getAsArray()
17 SYSTEMPATH/Debug/Toolbar.php(376): CodeIgniter\Debug\Toolbar->run(1664724076.865212917327880859375, 0.026900000000000000299760216648792265914380550384521484375, Object(CodeIgniter\HTTP\IncomingRequest), Object(CodeIgniter\HTTP\Response))
18 SYSTEMPATH/Filters/DebugToolbar.php(40): CodeIgniter\Debug\Toolbar->prepare(Object(CodeIgniter\HTTP\IncomingRequest), Object(CodeIgniter\HTTP\Response))
19 SYSTEMPATH/Filters/Filters.php(196): CodeIgniter\Filters\DebugToolbar->after(Object(CodeIgniter\HTTP\IncomingRequest), Object(CodeIgniter\HTTP\Response), null)
20 SYSTEMPATH/CodeIgniter.php(477): CodeIgniter\Filters\Filters->run('/', 'after')
21 SYSTEMPATH/CodeIgniter.php(340): CodeIgniter\CodeIgniter->handleRequest(null, Object(Config\Cache), false)
22 FCPATH/index.php(67): CodeIgniter\CodeIgniter->run()
ERROR - 2022-10-02 10:21:19 --> mysqli_sql_exception: Table 'kitgum.settings' doesn't exist in /opt/lampp/htdocs/kitgum.org/vendor/codeigniter4/framework/system/Database/MySQLi/Connection.php:292
Stack trace:
#0 /opt/lampp/htdocs/kitgum.org/vendor/codeigniter4/framework/system/Database/MySQLi/Connection.php(292): mysqli->query('SELECT *\nFROM `...', 0)
#1 /opt/lampp/htdocs/kitgum.org/vendor/codeigniter4/framework/system/Database/BaseConnection.php(693): CodeIgniter\Database\MySQLi\Connection->execute('SELECT *\nFROM `...')
#2 /opt/lampp/htdocs/kitgum.org/vendor/codeigniter4/framework/system/Database/BaseConnection.php(620): CodeIgniter\Database\BaseConnection->simpleQuery('SELECT *\nFROM `...')
#3 /opt/lampp/htdocs/kitgum.org/vendor/codeigniter4/framework/system/Database/BaseBuilder.php(1585): CodeIgniter\Database\BaseConnection->query('SELECT *\nFROM `...', Array, false)
#4 /opt/lampp/htdocs/kitgum.org/vendor/codeigniter4/settings/src/Handlers/DatabaseHandler.php(163): CodeIgniter\Database\BaseBuilder->get()
#5 /opt/lampp/htdocs/kitgum.org/vendor/codeigniter4/settings/src/Handlers/DatabaseHandler.php(41): CodeIgniter\Settings\Handlers\DatabaseHandler->hydrate(NULL)
#6 /opt/lampp/htdocs/kitgum.org/vendor/codeigniter4/settings/src/Settings.php(59): CodeIgniter\Settings\Handlers\DatabaseHandler->has('Config\\Auth', 'sessionConfig', NULL)
#7 /opt/lampp/htdocs/kitgum.org/vendor/codeigniter4/settings/src/Helpers/setting_helper.php(21): CodeIgniter\Settings\Settings->get('Auth.sessionCon...')
#8 /opt/lampp/htdocs/kitgum.org/vendor/codeigniter4/shield/src/Authentication/Authenticators/Session.php(643): setting('Auth.sessionCon...')
#9 /opt/lampp/htdocs/kitgum.org/vendor/codeigniter4/shield/src/Authentication/Authenticators/Session.php(661): CodeIgniter\Shield\Authentication\Authenticators\Session->getSessionUserInfo()
#10 /opt/lampp/htdocs/kitgum.org/vendor/codeigniter4/shield/src/Authentication/Authenticators/Session.php(367): CodeIgniter\Shield\Authentication\Authenticators\Session->getSessionKey('id')
#11 /opt/lampp/htdocs/kitgum.org/vendor/codeigniter4/shield/src/Authentication/Authenticators/Session.php(351): CodeIgniter\Shield\Authentication\Authenticators\Session->checkUserState()
#12 /opt/lampp/htdocs/kitgum.org/vendor/codeigniter4/shield/src/Auth.php(159): CodeIgniter\Shield\Authentication\Authenticators\Session->loggedIn()
#13 /opt/lampp/htdocs/kitgum.org/vendor/codeigniter4/shield/src/Collectors/Auth.php(67): CodeIgniter\Shield\Auth->__call('loggedIn', Array)
#14 /opt/lampp/htdocs/kitgum.org/vendor/codeigniter4/framework/system/Debug/Toolbar/Collectors/BaseCollector.php(222): CodeIgniter\Shield\Collectors\Auth->display()
#15 /opt/lampp/htdocs/kitgum.org/vendor/codeigniter4/framework/system/Debug/Toolbar.php(93): CodeIgniter\Debug\Toolbar\Collectors\BaseCollector->getAsArray()
#16 /opt/lampp/htdocs/kitgum.org/vendor/codeigniter4/framework/system/Debug/Toolbar.php(376): CodeIgniter\Debug\Toolbar->run(1664724079.0335, 0.0261, Object(CodeIgniter\HTTP\IncomingRequest), Object(CodeIgniter\HTTP\Response))
#17 /opt/lampp/htdocs/kitgum.org/vendor/codeigniter4/framework/system/Filters/DebugToolbar.php(40): CodeIgniter\Debug\Toolbar->prepare(Object(CodeIgniter\HTTP\IncomingRequest), Object(CodeIgniter\HTTP\Response))
#18 /opt/lampp/htdocs/kitgum.org/vendor/codeigniter4/framework/system/Filters/Filters.php(196): CodeIgniter\Filters\DebugToolbar->after(Object(CodeIgniter\HTTP\IncomingRequest), Object(CodeIgniter\HTTP\Response), NULL)
#19 /opt/lampp/htdocs/kitgum.org/vendor/codeigniter4/framework/system/CodeIgniter.php(477): CodeIgniter\Filters\Filters->run('/', 'after')
#20 /opt/lampp/htdocs/kitgum.org/vendor/codeigniter4/framework/system/CodeIgniter.php(340): CodeIgniter\CodeIgniter->handleRequest(NULL, Object(Config\Cache), false)
#21 /opt/lampp/htdocs/kitgum.org/index.php(67): CodeIgniter\CodeIgniter->run()
#22 {main}
CRITICAL - 2022-10-02 10:21:19 --> Table 'kitgum.settings' doesn't exist
in SYSTEMPATH/Database/MySQLi/Connection.php on line 292.
 1 SYSTEMPATH/Database/MySQLi/Connection.php(292): mysqli->query('SELECT *
FROM `settings`
WHERE `context` IS NULL', 0)
 2 SYSTEMPATH/Database/BaseConnection.php(693): CodeIgniter\Database\MySQLi\Connection->execute('SELECT *
FROM `settings`
WHERE `context` IS NULL')
 3 SYSTEMPATH/Database/BaseConnection.php(620): CodeIgniter\Database\BaseConnection->simpleQuery('SELECT *
FROM `settings`
WHERE `context` IS NULL')
 4 SYSTEMPATH/Database/BaseBuilder.php(1585): CodeIgniter\Database\BaseConnection->query('SELECT *
FROM `settings`
WHERE `context` IS NULL', [], false)
 5 FCPATH/vendor/codeigniter4/settings/src/Handlers/DatabaseHandler.php(163): CodeIgniter\Database\BaseBuilder->get()
 6 FCPATH/vendor/codeigniter4/settings/src/Handlers/DatabaseHandler.php(41): CodeIgniter\Settings\Handlers\DatabaseHandler->hydrate(null)
 7 FCPATH/vendor/codeigniter4/settings/src/Settings.php(59): CodeIgniter\Settings\Handlers\DatabaseHandler->has('Config\\Auth', 'sessionConfig', null)
 8 FCPATH/vendor/codeigniter4/settings/src/Helpers/setting_helper.php(21): CodeIgniter\Settings\Settings->get('Auth.sessionConfig')
 9 FCPATH/vendor/codeigniter4/shield/src/Authentication/Authenticators/Session.php(643): setting('Auth.sessionConfig')
10 FCPATH/vendor/codeigniter4/shield/src/Authentication/Authenticators/Session.php(661): CodeIgniter\Shield\Authentication\Authenticators\Session->getSessionUserInfo()
11 FCPATH/vendor/codeigniter4/shield/src/Authentication/Authenticators/Session.php(367): CodeIgniter\Shield\Authentication\Authenticators\Session->getSessionKey('id')
12 FCPATH/vendor/codeigniter4/shield/src/Authentication/Authenticators/Session.php(351): CodeIgniter\Shield\Authentication\Authenticators\Session->checkUserState()
13 FCPATH/vendor/codeigniter4/shield/src/Auth.php(159): CodeIgniter\Shield\Authentication\Authenticators\Session->loggedIn()
14 FCPATH/vendor/codeigniter4/shield/src/Collectors/Auth.php(67): CodeIgniter\Shield\Auth->__call('loggedIn', [])
15 SYSTEMPATH/Debug/Toolbar/Collectors/BaseCollector.php(222): CodeIgniter\Shield\Collectors\Auth->display()
16 SYSTEMPATH/Debug/Toolbar.php(93): CodeIgniter\Debug\Toolbar\Collectors\BaseCollector->getAsArray()
17 SYSTEMPATH/Debug/Toolbar.php(376): CodeIgniter\Debug\Toolbar->run(1664724079.0334560871124267578125, 0.0261000000000000016708856520608605933375656604766845703125, Object(CodeIgniter\HTTP\IncomingRequest), Object(CodeIgniter\HTTP\Response))
18 SYSTEMPATH/Filters/DebugToolbar.php(40): CodeIgniter\Debug\Toolbar->prepare(Object(CodeIgniter\HTTP\IncomingRequest), Object(CodeIgniter\HTTP\Response))
19 SYSTEMPATH/Filters/Filters.php(196): CodeIgniter\Filters\DebugToolbar->after(Object(CodeIgniter\HTTP\IncomingRequest), Object(CodeIgniter\HTTP\Response), null)
20 SYSTEMPATH/CodeIgniter.php(477): CodeIgniter\Filters\Filters->run('/', 'after')
21 SYSTEMPATH/CodeIgniter.php(340): CodeIgniter\CodeIgniter->handleRequest(null, Object(Config\Cache), false)
22 FCPATH/index.php(67): CodeIgniter\CodeIgniter->run()
ERROR - 2022-10-02 10:21:20 --> mysqli_sql_exception: Table 'kitgum.settings' doesn't exist in /opt/lampp/htdocs/kitgum.org/vendor/codeigniter4/framework/system/Database/MySQLi/Connection.php:292
Stack trace:
#0 /opt/lampp/htdocs/kitgum.org/vendor/codeigniter4/framework/system/Database/MySQLi/Connection.php(292): mysqli->query('SELECT *\nFROM `...', 0)
#1 /opt/lampp/htdocs/kitgum.org/vendor/codeigniter4/framework/system/Database/BaseConnection.php(693): CodeIgniter\Database\MySQLi\Connection->execute('SELECT *\nFROM `...')
#2 /opt/lampp/htdocs/kitgum.org/vendor/codeigniter4/framework/system/Database/BaseConnection.php(620): CodeIgniter\Database\BaseConnection->simpleQuery('SELECT *\nFROM `...')
#3 /opt/lampp/htdocs/kitgum.org/vendor/codeigniter4/framework/system/Database/BaseBuilder.php(1585): CodeIgniter\Database\BaseConnection->query('SELECT *\nFROM `...', Array, false)
#4 /opt/lampp/htdocs/kitgum.org/vendor/codeigniter4/settings/src/Handlers/DatabaseHandler.php(163): CodeIgniter\Database\BaseBuilder->get()
#5 /opt/lampp/htdocs/kitgum.org/vendor/codeigniter4/settings/src/Handlers/DatabaseHandler.php(41): CodeIgniter\Settings\Handlers\DatabaseHandler->hydrate(NULL)
#6 /opt/lampp/htdocs/kitgum.org/vendor/codeigniter4/settings/src/Settings.php(59): CodeIgniter\Settings\Handlers\DatabaseHandler->has('Config\\Auth', 'sessionConfig', NULL)
#7 /opt/lampp/htdocs/kitgum.org/vendor/codeigniter4/settings/src/Helpers/setting_helper.php(21): CodeIgniter\Settings\Settings->get('Auth.sessionCon...')
#8 /opt/lampp/htdocs/kitgum.org/vendor/codeigniter4/shield/src/Authentication/Authenticators/Session.php(643): setting('Auth.sessionCon...')
#9 /opt/lampp/htdocs/kitgum.org/vendor/codeigniter4/shield/src/Authentication/Authenticators/Session.php(661): CodeIgniter\Shield\Authentication\Authenticators\Session->getSessionUserInfo()
#10 /opt/lampp/htdocs/kitgum.org/vendor/codeigniter4/shield/src/Authentication/Authenticators/Session.php(367): CodeIgniter\Shield\Authentication\Authenticators\Session->getSessionKey('id')
#11 /opt/lampp/htdocs/kitgum.org/vendor/codeigniter4/shield/src/Authentication/Authenticators/Session.php(351): CodeIgniter\Shield\Authentication\Authenticators\Session->checkUserState()
#12 /opt/lampp/htdocs/kitgum.org/vendor/codeigniter4/shield/src/Auth.php(159): CodeIgniter\Shield\Authentication\Authenticators\Session->loggedIn()
#13 /opt/lampp/htdocs/kitgum.org/vendor/codeigniter4/shield/src/Collectors/Auth.php(67): CodeIgniter\Shield\Auth->__call('loggedIn', Array)
#14 /opt/lampp/htdocs/kitgum.org/vendor/codeigniter4/framework/system/Debug/Toolbar/Collectors/BaseCollector.php(222): CodeIgniter\Shield\Collectors\Auth->display()
#15 /opt/lampp/htdocs/kitgum.org/vendor/codeigniter4/framework/system/Debug/Toolbar.php(93): CodeIgniter\Debug\Toolbar\Collectors\BaseCollector->getAsArray()
#16 /opt/lampp/htdocs/kitgum.org/vendor/codeigniter4/framework/system/Debug/Toolbar.php(376): CodeIgniter\Debug\Toolbar->run(1664724080.0657, 0.0261, Object(CodeIgniter\HTTP\IncomingRequest), Object(CodeIgniter\HTTP\Response))
#17 /opt/lampp/htdocs/kitgum.org/vendor/codeigniter4/framework/system/Filters/DebugToolbar.php(40): CodeIgniter\Debug\Toolbar->prepare(Object(CodeIgniter\HTTP\IncomingRequest), Object(CodeIgniter\HTTP\Response))
#18 /opt/lampp/htdocs/kitgum.org/vendor/codeigniter4/framework/system/Filters/Filters.php(196): CodeIgniter\Filters\DebugToolbar->after(Object(CodeIgniter\HTTP\IncomingRequest), Object(CodeIgniter\HTTP\Response), NULL)
#19 /opt/lampp/htdocs/kitgum.org/vendor/codeigniter4/framework/system/CodeIgniter.php(477): CodeIgniter\Filters\Filters->run('/', 'after')
#20 /opt/lampp/htdocs/kitgum.org/vendor/codeigniter4/framework/system/CodeIgniter.php(340): CodeIgniter\CodeIgniter->handleRequest(NULL, Object(Config\Cache), false)
#21 /opt/lampp/htdocs/kitgum.org/index.php(67): CodeIgniter\CodeIgniter->run()
#22 {main}
CRITICAL - 2022-10-02 10:21:20 --> Table 'kitgum.settings' doesn't exist
in SYSTEMPATH/Database/MySQLi/Connection.php on line 292.
 1 SYSTEMPATH/Database/MySQLi/Connection.php(292): mysqli->query('SELECT *
FROM `settings`
WHERE `context` IS NULL', 0)
 2 SYSTEMPATH/Database/BaseConnection.php(693): CodeIgniter\Database\MySQLi\Connection->execute('SELECT *
FROM `settings`
WHERE `context` IS NULL')
 3 SYSTEMPATH/Database/BaseConnection.php(620): CodeIgniter\Database\BaseConnection->simpleQuery('SELECT *
FROM `settings`
WHERE `context` IS NULL')
 4 SYSTEMPATH/Database/BaseBuilder.php(1585): CodeIgniter\Database\BaseConnection->query('SELECT *
FROM `settings`
WHERE `context` IS NULL', [], false)
 5 FCPATH/vendor/codeigniter4/settings/src/Handlers/DatabaseHandler.php(163): CodeIgniter\Database\BaseBuilder->get()
 6 FCPATH/vendor/codeigniter4/settings/src/Handlers/DatabaseHandler.php(41): CodeIgniter\Settings\Handlers\DatabaseHandler->hydrate(null)
 7 FCPATH/vendor/codeigniter4/settings/src/Settings.php(59): CodeIgniter\Settings\Handlers\DatabaseHandler->has('Config\\Auth', 'sessionConfig', null)
 8 FCPATH/vendor/codeigniter4/settings/src/Helpers/setting_helper.php(21): CodeIgniter\Settings\Settings->get('Auth.sessionConfig')
 9 FCPATH/vendor/codeigniter4/shield/src/Authentication/Authenticators/Session.php(643): setting('Auth.sessionConfig')
10 FCPATH/vendor/codeigniter4/shield/src/Authentication/Authenticators/Session.php(661): CodeIgniter\Shield\Authentication\Authenticators\Session->getSessionUserInfo()
11 FCPATH/vendor/codeigniter4/shield/src/Authentication/Authenticators/Session.php(367): CodeIgniter\Shield\Authentication\Authenticators\Session->getSessionKey('id')
12 FCPATH/vendor/codeigniter4/shield/src/Authentication/Authenticators/Session.php(351): CodeIgniter\Shield\Authentication\Authenticators\Session->checkUserState()
13 FCPATH/vendor/codeigniter4/shield/src/Auth.php(159): CodeIgniter\Shield\Authentication\Authenticators\Session->loggedIn()
14 FCPATH/vendor/codeigniter4/shield/src/Collectors/Auth.php(67): CodeIgniter\Shield\Auth->__call('loggedIn', [])
15 SYSTEMPATH/Debug/Toolbar/Collectors/BaseCollector.php(222): CodeIgniter\Shield\Collectors\Auth->display()
16 SYSTEMPATH/Debug/Toolbar.php(93): CodeIgniter\Debug\Toolbar\Collectors\BaseCollector->getAsArray()
17 SYSTEMPATH/Debug/Toolbar.php(376): CodeIgniter\Debug\Toolbar->run(1664724080.06567096710205078125, 0.0261000000000000016708856520608605933375656604766845703125, Object(CodeIgniter\HTTP\IncomingRequest), Object(CodeIgniter\HTTP\Response))
18 SYSTEMPATH/Filters/DebugToolbar.php(40): CodeIgniter\Debug\Toolbar->prepare(Object(CodeIgniter\HTTP\IncomingRequest), Object(CodeIgniter\HTTP\Response))
19 SYSTEMPATH/Filters/Filters.php(196): CodeIgniter\Filters\DebugToolbar->after(Object(CodeIgniter\HTTP\IncomingRequest), Object(CodeIgniter\HTTP\Response), null)
20 SYSTEMPATH/CodeIgniter.php(477): CodeIgniter\Filters\Filters->run('/', 'after')
21 SYSTEMPATH/CodeIgniter.php(340): CodeIgniter\CodeIgniter->handleRequest(null, Object(Config\Cache), false)
22 FCPATH/index.php(67): CodeIgniter\CodeIgniter->run()
ERROR - 2022-10-02 10:28:04 --> mysqli_sql_exception: Table 'kitgum.settings' doesn't exist in /opt/lampp/htdocs/kitgum.org/vendor/codeigniter4/framework/system/Database/MySQLi/Connection.php:292
Stack trace:
#0 /opt/lampp/htdocs/kitgum.org/vendor/codeigniter4/framework/system/Database/MySQLi/Connection.php(292): mysqli->query('SELECT *\nFROM `...', 0)
#1 /opt/lampp/htdocs/kitgum.org/vendor/codeigniter4/framework/system/Database/BaseConnection.php(693): CodeIgniter\Database\MySQLi\Connection->execute('SELECT *\nFROM `...')
#2 /opt/lampp/htdocs/kitgum.org/vendor/codeigniter4/framework/system/Database/BaseConnection.php(620): CodeIgniter\Database\BaseConnection->simpleQuery('SELECT *\nFROM `...')
#3 /opt/lampp/htdocs/kitgum.org/vendor/codeigniter4/framework/system/Database/BaseBuilder.php(1585): CodeIgniter\Database\BaseConnection->query('SELECT *\nFROM `...', Array, false)
#4 /opt/lampp/htdocs/kitgum.org/vendor/codeigniter4/settings/src/Handlers/DatabaseHandler.php(163): CodeIgniter\Database\BaseBuilder->get()
#5 /opt/lampp/htdocs/kitgum.org/vendor/codeigniter4/settings/src/Handlers/DatabaseHandler.php(41): CodeIgniter\Settings\Handlers\DatabaseHandler->hydrate(NULL)
#6 /opt/lampp/htdocs/kitgum.org/vendor/codeigniter4/settings/src/Settings.php(59): CodeIgniter\Settings\Handlers\DatabaseHandler->has('Config\\Auth', 'sessionConfig', NULL)
#7 /opt/lampp/htdocs/kitgum.org/vendor/codeigniter4/settings/src/Helpers/setting_helper.php(21): CodeIgniter\Settings\Settings->get('Auth.sessionCon...')
#8 /opt/lampp/htdocs/kitgum.org/vendor/codeigniter4/shield/src/Authentication/Authenticators/Session.php(643): setting('Auth.sessionCon...')
#9 /opt/lampp/htdocs/kitgum.org/vendor/codeigniter4/shield/src/Authentication/Authenticators/Session.php(661): CodeIgniter\Shield\Authentication\Authenticators\Session->getSessionUserInfo()
#10 /opt/lampp/htdocs/kitgum.org/vendor/codeigniter4/shield/src/Authentication/Authenticators/Session.php(367): CodeIgniter\Shield\Authentication\Authenticators\Session->getSessionKey('id')
#11 /opt/lampp/htdocs/kitgum.org/vendor/codeigniter4/shield/src/Authentication/Authenticators/Session.php(351): CodeIgniter\Shield\Authentication\Authenticators\Session->checkUserState()
#12 /opt/lampp/htdocs/kitgum.org/vendor/codeigniter4/shield/src/Auth.php(159): CodeIgniter\Shield\Authentication\Authenticators\Session->loggedIn()
#13 /opt/lampp/htdocs/kitgum.org/vendor/codeigniter4/shield/src/Collectors/Auth.php(67): CodeIgniter\Shield\Auth->__call('loggedIn', Array)
#14 /opt/lampp/htdocs/kitgum.org/vendor/codeigniter4/framework/system/Debug/Toolbar/Collectors/BaseCollector.php(222): CodeIgniter\Shield\Collectors\Auth->display()
#15 /opt/lampp/htdocs/kitgum.org/vendor/codeigniter4/framework/system/Debug/Toolbar.php(93): CodeIgniter\Debug\Toolbar\Collectors\BaseCollector->getAsArray()
#16 /opt/lampp/htdocs/kitgum.org/vendor/codeigniter4/framework/system/Debug/Toolbar.php(376): CodeIgniter\Debug\Toolbar->run(1664724484.8488, 0.0257, Object(CodeIgniter\HTTP\IncomingRequest), Object(CodeIgniter\HTTP\Response))
#17 /opt/lampp/htdocs/kitgum.org/vendor/codeigniter4/framework/system/Filters/DebugToolbar.php(40): CodeIgniter\Debug\Toolbar->prepare(Object(CodeIgniter\HTTP\IncomingRequest), Object(CodeIgniter\HTTP\Response))
#18 /opt/lampp/htdocs/kitgum.org/vendor/codeigniter4/framework/system/Filters/Filters.php(196): CodeIgniter\Filters\DebugToolbar->after(Object(CodeIgniter\HTTP\IncomingRequest), Object(CodeIgniter\HTTP\Response), NULL)
#19 /opt/lampp/htdocs/kitgum.org/vendor/codeigniter4/framework/system/CodeIgniter.php(477): CodeIgniter\Filters\Filters->run('/', 'after')
#20 /opt/lampp/htdocs/kitgum.org/vendor/codeigniter4/framework/system/CodeIgniter.php(340): CodeIgniter\CodeIgniter->handleRequest(NULL, Object(Config\Cache), false)
#21 /opt/lampp/htdocs/kitgum.org/index.php(67): CodeIgniter\CodeIgniter->run()
#22 {main}
CRITICAL - 2022-10-02 10:28:04 --> Table 'kitgum.settings' doesn't exist
in SYSTEMPATH/Database/MySQLi/Connection.php on line 292.
 1 SYSTEMPATH/Database/MySQLi/Connection.php(292): mysqli->query('SELECT *
FROM `settings`
WHERE `context` IS NULL', 0)
 2 SYSTEMPATH/Database/BaseConnection.php(693): CodeIgniter\Database\MySQLi\Connection->execute('SELECT *
FROM `settings`
WHERE `context` IS NULL')
 3 SYSTEMPATH/Database/BaseConnection.php(620): CodeIgniter\Database\BaseConnection->simpleQuery('SELECT *
FROM `settings`
WHERE `context` IS NULL')
 4 SYSTEMPATH/Database/BaseBuilder.php(1585): CodeIgniter\Database\BaseConnection->query('SELECT *
FROM `settings`
WHERE `context` IS NULL', [], false)
 5 FCPATH/vendor/codeigniter4/settings/src/Handlers/DatabaseHandler.php(163): CodeIgniter\Database\BaseBuilder->get()
 6 FCPATH/vendor/codeigniter4/settings/src/Handlers/DatabaseHandler.php(41): CodeIgniter\Settings\Handlers\DatabaseHandler->hydrate(null)
 7 FCPATH/vendor/codeigniter4/settings/src/Settings.php(59): CodeIgniter\Settings\Handlers\DatabaseHandler->has('Config\\Auth', 'sessionConfig', null)
 8 FCPATH/vendor/codeigniter4/settings/src/Helpers/setting_helper.php(21): CodeIgniter\Settings\Settings->get('Auth.sessionConfig')
 9 FCPATH/vendor/codeigniter4/shield/src/Authentication/Authenticators/Session.php(643): setting('Auth.sessionConfig')
10 FCPATH/vendor/codeigniter4/shield/src/Authentication/Authenticators/Session.php(661): CodeIgniter\Shield\Authentication\Authenticators\Session->getSessionUserInfo()
11 FCPATH/vendor/codeigniter4/shield/src/Authentication/Authenticators/Session.php(367): CodeIgniter\Shield\Authentication\Authenticators\Session->getSessionKey('id')
12 FCPATH/vendor/codeigniter4/shield/src/Authentication/Authenticators/Session.php(351): CodeIgniter\Shield\Authentication\Authenticators\Session->checkUserState()
13 FCPATH/vendor/codeigniter4/shield/src/Auth.php(159): CodeIgniter\Shield\Authentication\Authenticators\Session->loggedIn()
14 FCPATH/vendor/codeigniter4/shield/src/Collectors/Auth.php(67): CodeIgniter\Shield\Auth->__call('loggedIn', [])
15 SYSTEMPATH/Debug/Toolbar/Collectors/BaseCollector.php(222): CodeIgniter\Shield\Collectors\Auth->display()
16 SYSTEMPATH/Debug/Toolbar.php(93): CodeIgniter\Debug\Toolbar\Collectors\BaseCollector->getAsArray()
17 SYSTEMPATH/Debug/Toolbar.php(376): CodeIgniter\Debug\Toolbar->run(1664724484.8488309383392333984375, 0.025700000000000000621724893790087662637233734130859375, Object(CodeIgniter\HTTP\IncomingRequest), Object(CodeIgniter\HTTP\Response))
18 SYSTEMPATH/Filters/DebugToolbar.php(40): CodeIgniter\Debug\Toolbar->prepare(Object(CodeIgniter\HTTP\IncomingRequest), Object(CodeIgniter\HTTP\Response))
19 SYSTEMPATH/Filters/Filters.php(196): CodeIgniter\Filters\DebugToolbar->after(Object(CodeIgniter\HTTP\IncomingRequest), Object(CodeIgniter\HTTP\Response), null)
20 SYSTEMPATH/CodeIgniter.php(477): CodeIgniter\Filters\Filters->run('/', 'after')
21 SYSTEMPATH/CodeIgniter.php(340): CodeIgniter\CodeIgniter->handleRequest(null, Object(Config\Cache), false)
22 FCPATH/index.php(67): CodeIgniter\CodeIgniter->run()
ERROR - 2022-10-02 10:29:04 --> mysqli_sql_exception: Table 'kitgum.settings' doesn't exist in /opt/lampp/htdocs/kitgum.org/vendor/codeigniter4/framework/system/Database/MySQLi/Connection.php:292
Stack trace:
#0 /opt/lampp/htdocs/kitgum.org/vendor/codeigniter4/framework/system/Database/MySQLi/Connection.php(292): mysqli->query('SELECT *\nFROM `...', 0)
#1 /opt/lampp/htdocs/kitgum.org/vendor/codeigniter4/framework/system/Database/BaseConnection.php(693): CodeIgniter\Database\MySQLi\Connection->execute('SELECT *\nFROM `...')
#2 /opt/lampp/htdocs/kitgum.org/vendor/codeigniter4/framework/system/Database/BaseConnection.php(620): CodeIgniter\Database\BaseConnection->simpleQuery('SELECT *\nFROM `...')
#3 /opt/lampp/htdocs/kitgum.org/vendor/codeigniter4/framework/system/Database/BaseBuilder.php(1585): CodeIgniter\Database\BaseConnection->query('SELECT *\nFROM `...', Array, false)
#4 /opt/lampp/htdocs/kitgum.org/vendor/codeigniter4/settings/src/Handlers/DatabaseHandler.php(163): CodeIgniter\Database\BaseBuilder->get()
#5 /opt/lampp/htdocs/kitgum.org/vendor/codeigniter4/settings/src/Handlers/DatabaseHandler.php(41): CodeIgniter\Settings\Handlers\DatabaseHandler->hydrate(NULL)
#6 /opt/lampp/htdocs/kitgum.org/vendor/codeigniter4/settings/src/Settings.php(59): CodeIgniter\Settings\Handlers\DatabaseHandler->has('Config\\Auth', 'sessionConfig', NULL)
#7 /opt/lampp/htdocs/kitgum.org/vendor/codeigniter4/settings/src/Helpers/setting_helper.php(21): CodeIgniter\Settings\Settings->get('Auth.sessionCon...')
#8 /opt/lampp/htdocs/kitgum.org/vendor/codeigniter4/shield/src/Authentication/Authenticators/Session.php(643): setting('Auth.sessionCon...')
#9 /opt/lampp/htdocs/kitgum.org/vendor/codeigniter4/shield/src/Authentication/Authenticators/Session.php(661): CodeIgniter\Shield\Authentication\Authenticators\Session->getSessionUserInfo()
#10 /opt/lampp/htdocs/kitgum.org/vendor/codeigniter4/shield/src/Authentication/Authenticators/Session.php(367): CodeIgniter\Shield\Authentication\Authenticators\Session->getSessionKey('id')
#11 /opt/lampp/htdocs/kitgum.org/vendor/codeigniter4/shield/src/Authentication/Authenticators/Session.php(351): CodeIgniter\Shield\Authentication\Authenticators\Session->checkUserState()
#12 /opt/lampp/htdocs/kitgum.org/vendor/codeigniter4/shield/src/Auth.php(159): CodeIgniter\Shield\Authentication\Authenticators\Session->loggedIn()
#13 /opt/lampp/htdocs/kitgum.org/vendor/codeigniter4/shield/src/Collectors/Auth.php(67): CodeIgniter\Shield\Auth->__call('loggedIn', Array)
#14 /opt/lampp/htdocs/kitgum.org/vendor/codeigniter4/framework/system/Debug/Toolbar/Collectors/BaseCollector.php(222): CodeIgniter\Shield\Collectors\Auth->display()
#15 /opt/lampp/htdocs/kitgum.org/vendor/codeigniter4/framework/system/Debug/Toolbar.php(93): CodeIgniter\Debug\Toolbar\Collectors\BaseCollector->getAsArray()
#16 /opt/lampp/htdocs/kitgum.org/vendor/codeigniter4/framework/system/Debug/Toolbar.php(376): CodeIgniter\Debug\Toolbar->run(1664724544.8923, 0.0259, Object(CodeIgniter\HTTP\IncomingRequest), Object(CodeIgniter\HTTP\Response))
#17 /opt/lampp/htdocs/kitgum.org/vendor/codeigniter4/framework/system/Filters/DebugToolbar.php(40): CodeIgniter\Debug\Toolbar->prepare(Object(CodeIgniter\HTTP\IncomingRequest), Object(CodeIgniter\HTTP\Response))
#18 /opt/lampp/htdocs/kitgum.org/vendor/codeigniter4/framework/system/Filters/Filters.php(196): CodeIgniter\Filters\DebugToolbar->after(Object(CodeIgniter\HTTP\IncomingRequest), Object(CodeIgniter\HTTP\Response), NULL)
#19 /opt/lampp/htdocs/kitgum.org/vendor/codeigniter4/framework/system/CodeIgniter.php(477): CodeIgniter\Filters\Filters->run('/', 'after')
#20 /opt/lampp/htdocs/kitgum.org/vendor/codeigniter4/framework/system/CodeIgniter.php(340): CodeIgniter\CodeIgniter->handleRequest(NULL, Object(Config\Cache), false)
#21 /opt/lampp/htdocs/kitgum.org/index.php(67): CodeIgniter\CodeIgniter->run()
#22 {main}
CRITICAL - 2022-10-02 10:29:04 --> Table 'kitgum.settings' doesn't exist
in SYSTEMPATH/Database/MySQLi/Connection.php on line 292.
 1 SYSTEMPATH/Database/MySQLi/Connection.php(292): mysqli->query('SELECT *
FROM `settings`
WHERE `context` IS NULL', 0)
 2 SYSTEMPATH/Database/BaseConnection.php(693): CodeIgniter\Database\MySQLi\Connection->execute('SELECT *
FROM `settings`
WHERE `context` IS NULL')
 3 SYSTEMPATH/Database/BaseConnection.php(620): CodeIgniter\Database\BaseConnection->simpleQuery('SELECT *
FROM `settings`
WHERE `context` IS NULL')
 4 SYSTEMPATH/Database/BaseBuilder.php(1585): CodeIgniter\Database\BaseConnection->query('SELECT *
FROM `settings`
WHERE `context` IS NULL', [], false)
 5 FCPATH/vendor/codeigniter4/settings/src/Handlers/DatabaseHandler.php(163): CodeIgniter\Database\BaseBuilder->get()
 6 FCPATH/vendor/codeigniter4/settings/src/Handlers/DatabaseHandler.php(41): CodeIgniter\Settings\Handlers\DatabaseHandler->hydrate(null)
 7 FCPATH/vendor/codeigniter4/settings/src/Settings.php(59): CodeIgniter\Settings\Handlers\DatabaseHandler->has('Config\\Auth', 'sessionConfig', null)
 8 FCPATH/vendor/codeigniter4/settings/src/Helpers/setting_helper.php(21): CodeIgniter\Settings\Settings->get('Auth.sessionConfig')
 9 FCPATH/vendor/codeigniter4/shield/src/Authentication/Authenticators/Session.php(643): setting('Auth.sessionConfig')
10 FCPATH/vendor/codeigniter4/shield/src/Authentication/Authenticators/Session.php(661): CodeIgniter\Shield\Authentication\Authenticators\Session->getSessionUserInfo()
11 FCPATH/vendor/codeigniter4/shield/src/Authentication/Authenticators/Session.php(367): CodeIgniter\Shield\Authentication\Authenticators\Session->getSessionKey('id')
12 FCPATH/vendor/codeigniter4/shield/src/Authentication/Authenticators/Session.php(351): CodeIgniter\Shield\Authentication\Authenticators\Session->checkUserState()
13 FCPATH/vendor/codeigniter4/shield/src/Auth.php(159): CodeIgniter\Shield\Authentication\Authenticators\Session->loggedIn()
14 FCPATH/vendor/codeigniter4/shield/src/Collectors/Auth.php(67): CodeIgniter\Shield\Auth->__call('loggedIn', [])
15 SYSTEMPATH/Debug/Toolbar/Collectors/BaseCollector.php(222): CodeIgniter\Shield\Collectors\Auth->display()
16 SYSTEMPATH/Debug/Toolbar.php(93): CodeIgniter\Debug\Toolbar\Collectors\BaseCollector->getAsArray()
17 SYSTEMPATH/Debug/Toolbar.php(376): CodeIgniter\Debug\Toolbar->run(1664724544.892282009124755859375, 0.025899999999999999411581796948667033575475215911865234375, Object(CodeIgniter\HTTP\IncomingRequest), Object(CodeIgniter\HTTP\Response))
18 SYSTEMPATH/Filters/DebugToolbar.php(40): CodeIgniter\Debug\Toolbar->prepare(Object(CodeIgniter\HTTP\IncomingRequest), Object(CodeIgniter\HTTP\Response))
19 SYSTEMPATH/Filters/Filters.php(196): CodeIgniter\Filters\DebugToolbar->after(Object(CodeIgniter\HTTP\IncomingRequest), Object(CodeIgniter\HTTP\Response), null)
20 SYSTEMPATH/CodeIgniter.php(477): CodeIgniter\Filters\Filters->run('/', 'after')
21 SYSTEMPATH/CodeIgniter.php(340): CodeIgniter\CodeIgniter->handleRequest(null, Object(Config\Cache), false)
22 FCPATH/index.php(67): CodeIgniter\CodeIgniter->run()
ERROR - 2022-10-02 10:33:02 --> mysqli_sql_exception: Table 'kitgum.settings' doesn't exist in /opt/lampp/htdocs/kitgum.org/vendor/codeigniter4/framework/system/Database/MySQLi/Connection.php:292
Stack trace:
#0 /opt/lampp/htdocs/kitgum.org/vendor/codeigniter4/framework/system/Database/MySQLi/Connection.php(292): mysqli->query('SELECT *\nFROM `...', 0)
#1 /opt/lampp/htdocs/kitgum.org/vendor/codeigniter4/framework/system/Database/BaseConnection.php(693): CodeIgniter\Database\MySQLi\Connection->execute('SELECT *\nFROM `...')
#2 /opt/lampp/htdocs/kitgum.org/vendor/codeigniter4/framework/system/Database/BaseConnection.php(620): CodeIgniter\Database\BaseConnection->simpleQuery('SELECT *\nFROM `...')
#3 /opt/lampp/htdocs/kitgum.org/vendor/codeigniter4/framework/system/Database/BaseBuilder.php(1585): CodeIgniter\Database\BaseConnection->query('SELECT *\nFROM `...', Array, false)
#4 /opt/lampp/htdocs/kitgum.org/vendor/codeigniter4/settings/src/Handlers/DatabaseHandler.php(163): CodeIgniter\Database\BaseBuilder->get()
#5 /opt/lampp/htdocs/kitgum.org/vendor/codeigniter4/settings/src/Handlers/DatabaseHandler.php(41): CodeIgniter\Settings\Handlers\DatabaseHandler->hydrate(NULL)
#6 /opt/lampp/htdocs/kitgum.org/vendor/codeigniter4/settings/src/Settings.php(59): CodeIgniter\Settings\Handlers\DatabaseHandler->has('Config\\Auth', 'sessionConfig', NULL)
#7 /opt/lampp/htdocs/kitgum.org/vendor/codeigniter4/settings/src/Helpers/setting_helper.php(21): CodeIgniter\Settings\Settings->get('Auth.sessionCon...')
#8 /opt/lampp/htdocs/kitgum.org/vendor/codeigniter4/shield/src/Authentication/Authenticators/Session.php(643): setting('Auth.sessionCon...')
#9 /opt/lampp/htdocs/kitgum.org/vendor/codeigniter4/shield/src/Authentication/Authenticators/Session.php(661): CodeIgniter\Shield\Authentication\Authenticators\Session->getSessionUserInfo()
#10 /opt/lampp/htdocs/kitgum.org/vendor/codeigniter4/shield/src/Authentication/Authenticators/Session.php(367): CodeIgniter\Shield\Authentication\Authenticators\Session->getSessionKey('id')
#11 /opt/lampp/htdocs/kitgum.org/vendor/codeigniter4/shield/src/Authentication/Authenticators/Session.php(351): CodeIgniter\Shield\Authentication\Authenticators\Session->checkUserState()
#12 /opt/lampp/htdocs/kitgum.org/vendor/codeigniter4/shield/src/Auth.php(159): CodeIgniter\Shield\Authentication\Authenticators\Session->loggedIn()
#13 /opt/lampp/htdocs/kitgum.org/vendor/codeigniter4/shield/src/Collectors/Auth.php(67): CodeIgniter\Shield\Auth->__call('loggedIn', Array)
#14 /opt/lampp/htdocs/kitgum.org/vendor/codeigniter4/framework/system/Debug/Toolbar/Collectors/BaseCollector.php(222): CodeIgniter\Shield\Collectors\Auth->display()
#15 /opt/lampp/htdocs/kitgum.org/vendor/codeigniter4/framework/system/Debug/Toolbar.php(93): CodeIgniter\Debug\Toolbar\Collectors\BaseCollector->getAsArray()
#16 /opt/lampp/htdocs/kitgum.org/vendor/codeigniter4/framework/system/Debug/Toolbar.php(376): CodeIgniter\Debug\Toolbar->run(1664724782.7017, 0.0248, Object(CodeIgniter\HTTP\IncomingRequest), Object(CodeIgniter\HTTP\Response))
#17 /opt/lampp/htdocs/kitgum.org/vendor/codeigniter4/framework/system/Filters/DebugToolbar.php(40): CodeIgniter\Debug\Toolbar->prepare(Object(CodeIgniter\HTTP\IncomingRequest), Object(CodeIgniter\HTTP\Response))
#18 /opt/lampp/htdocs/kitgum.org/vendor/codeigniter4/framework/system/Filters/Filters.php(196): CodeIgniter\Filters\DebugToolbar->after(Object(CodeIgniter\HTTP\IncomingRequest), Object(CodeIgniter\HTTP\Response), NULL)
#19 /opt/lampp/htdocs/kitgum.org/vendor/codeigniter4/framework/system/CodeIgniter.php(477): CodeIgniter\Filters\Filters->run('/', 'after')
#20 /opt/lampp/htdocs/kitgum.org/vendor/codeigniter4/framework/system/CodeIgniter.php(340): CodeIgniter\CodeIgniter->handleRequest(NULL, Object(Config\Cache), false)
#21 /opt/lampp/htdocs/kitgum.org/index.php(67): CodeIgniter\CodeIgniter->run()
#22 {main}
CRITICAL - 2022-10-02 10:33:02 --> Table 'kitgum.settings' doesn't exist
in SYSTEMPATH/Database/MySQLi/Connection.php on line 292.
 1 SYSTEMPATH/Database/MySQLi/Connection.php(292): mysqli->query('SELECT *
FROM `settings`
WHERE `context` IS NULL', 0)
 2 SYSTEMPATH/Database/BaseConnection.php(693): CodeIgniter\Database\MySQLi\Connection->execute('SELECT *
FROM `settings`
WHERE `context` IS NULL')
 3 SYSTEMPATH/Database/BaseConnection.php(620): CodeIgniter\Database\BaseConnection->simpleQuery('SELECT *
FROM `settings`
WHERE `context` IS NULL')
 4 SYSTEMPATH/Database/BaseBuilder.php(1585): CodeIgniter\Database\BaseConnection->query('SELECT *
FROM `settings`
WHERE `context` IS NULL', [], false)
 5 FCPATH/vendor/codeigniter4/settings/src/Handlers/DatabaseHandler.php(163): CodeIgniter\Database\BaseBuilder->get()
 6 FCPATH/vendor/codeigniter4/settings/src/Handlers/DatabaseHandler.php(41): CodeIgniter\Settings\Handlers\DatabaseHandler->hydrate(null)
 7 FCPATH/vendor/codeigniter4/settings/src/Settings.php(59): CodeIgniter\Settings\Handlers\DatabaseHandler->has('Config\\Auth', 'sessionConfig', null)
 8 FCPATH/vendor/codeigniter4/settings/src/Helpers/setting_helper.php(21): CodeIgniter\Settings\Settings->get('Auth.sessionConfig')
 9 FCPATH/vendor/codeigniter4/shield/src/Authentication/Authenticators/Session.php(643): setting('Auth.sessionConfig')
10 FCPATH/vendor/codeigniter4/shield/src/Authentication/Authenticators/Session.php(661): CodeIgniter\Shield\Authentication\Authenticators\Session->getSessionUserInfo()
11 FCPATH/vendor/codeigniter4/shield/src/Authentication/Authenticators/Session.php(367): CodeIgniter\Shield\Authentication\Authenticators\Session->getSessionKey('id')
12 FCPATH/vendor/codeigniter4/shield/src/Authentication/Authenticators/Session.php(351): CodeIgniter\Shield\Authentication\Authenticators\Session->checkUserState()
13 FCPATH/vendor/codeigniter4/shield/src/Auth.php(159): CodeIgniter\Shield\Authentication\Authenticators\Session->loggedIn()
14 FCPATH/vendor/codeigniter4/shield/src/Collectors/Auth.php(67): CodeIgniter\Shield\Auth->__call('loggedIn', [])
15 SYSTEMPATH/Debug/Toolbar/Collectors/BaseCollector.php(222): CodeIgniter\Shield\Collectors\Auth->display()
16 SYSTEMPATH/Debug/Toolbar.php(93): CodeIgniter\Debug\Toolbar\Collectors\BaseCollector->getAsArray()
17 SYSTEMPATH/Debug/Toolbar.php(376): CodeIgniter\Debug\Toolbar->run(1664724782.7016699314117431640625, 0.0247999999999999991284749256692521157674491405487060546875, Object(CodeIgniter\HTTP\IncomingRequest), Object(CodeIgniter\HTTP\Response))
18 SYSTEMPATH/Filters/DebugToolbar.php(40): CodeIgniter\Debug\Toolbar->prepare(Object(CodeIgniter\HTTP\IncomingRequest), Object(CodeIgniter\HTTP\Response))
19 SYSTEMPATH/Filters/Filters.php(196): CodeIgniter\Filters\DebugToolbar->after(Object(CodeIgniter\HTTP\IncomingRequest), Object(CodeIgniter\HTTP\Response), null)
20 SYSTEMPATH/CodeIgniter.php(477): CodeIgniter\Filters\Filters->run('/', 'after')
21 SYSTEMPATH/CodeIgniter.php(340): CodeIgniter\CodeIgniter->handleRequest(null, Object(Config\Cache), false)
22 FCPATH/index.php(67): CodeIgniter\CodeIgniter->run()
ERROR - 2022-10-02 11:20:15 --> mysqli_sql_exception: Table 'kitgum.settings' doesn't exist in /opt/lampp/htdocs/kitgum.org/vendor/codeigniter4/framework/system/Database/MySQLi/Connection.php:292
Stack trace:
#0 /opt/lampp/htdocs/kitgum.org/vendor/codeigniter4/framework/system/Database/MySQLi/Connection.php(292): mysqli->query('SELECT *\nFROM `...', 0)
#1 /opt/lampp/htdocs/kitgum.org/vendor/codeigniter4/framework/system/Database/BaseConnection.php(693): CodeIgniter\Database\MySQLi\Connection->execute('SELECT *\nFROM `...')
#2 /opt/lampp/htdocs/kitgum.org/vendor/codeigniter4/framework/system/Database/BaseConnection.php(620): CodeIgniter\Database\BaseConnection->simpleQuery('SELECT *\nFROM `...')
#3 /opt/lampp/htdocs/kitgum.org/vendor/codeigniter4/framework/system/Database/BaseBuilder.php(1585): CodeIgniter\Database\BaseConnection->query('SELECT *\nFROM `...', Array, false)
#4 /opt/lampp/htdocs/kitgum.org/vendor/codeigniter4/settings/src/Handlers/DatabaseHandler.php(163): CodeIgniter\Database\BaseBuilder->get()
#5 /opt/lampp/htdocs/kitgum.org/vendor/codeigniter4/settings/src/Handlers/DatabaseHandler.php(41): CodeIgniter\Settings\Handlers\DatabaseHandler->hydrate(NULL)
#6 /opt/lampp/htdocs/kitgum.org/vendor/codeigniter4/settings/src/Settings.php(59): CodeIgniter\Settings\Handlers\DatabaseHandler->has('Config\\Auth', 'sessionConfig', NULL)
#7 /opt/lampp/htdocs/kitgum.org/vendor/codeigniter4/settings/src/Helpers/setting_helper.php(21): CodeIgniter\Settings\Settings->get('Auth.sessionCon...')
#8 /opt/lampp/htdocs/kitgum.org/vendor/codeigniter4/shield/src/Authentication/Authenticators/Session.php(643): setting('Auth.sessionCon...')
#9 /opt/lampp/htdocs/kitgum.org/vendor/codeigniter4/shield/src/Authentication/Authenticators/Session.php(661): CodeIgniter\Shield\Authentication\Authenticators\Session->getSessionUserInfo()
#10 /opt/lampp/htdocs/kitgum.org/vendor/codeigniter4/shield/src/Authentication/Authenticators/Session.php(367): CodeIgniter\Shield\Authentication\Authenticators\Session->getSessionKey('id')
#11 /opt/lampp/htdocs/kitgum.org/vendor/codeigniter4/shield/src/Authentication/Authenticators/Session.php(351): CodeIgniter\Shield\Authentication\Authenticators\Session->checkUserState()
#12 /opt/lampp/htdocs/kitgum.org/vendor/codeigniter4/shield/src/Auth.php(159): CodeIgniter\Shield\Authentication\Authenticators\Session->loggedIn()
#13 /opt/lampp/htdocs/kitgum.org/vendor/codeigniter4/shield/src/Collectors/Auth.php(67): CodeIgniter\Shield\Auth->__call('loggedIn', Array)
#14 /opt/lampp/htdocs/kitgum.org/vendor/codeigniter4/framework/system/Debug/Toolbar/Collectors/BaseCollector.php(222): CodeIgniter\Shield\Collectors\Auth->display()
#15 /opt/lampp/htdocs/kitgum.org/vendor/codeigniter4/framework/system/Debug/Toolbar.php(93): CodeIgniter\Debug\Toolbar\Collectors\BaseCollector->getAsArray()
#16 /opt/lampp/htdocs/kitgum.org/vendor/codeigniter4/framework/system/Debug/Toolbar.php(376): CodeIgniter\Debug\Toolbar->run(1664727615.2392, 0.0297, Object(CodeIgniter\HTTP\IncomingRequest), Object(CodeIgniter\HTTP\Response))
#17 /opt/lampp/htdocs/kitgum.org/vendor/codeigniter4/framework/system/Filters/DebugToolbar.php(40): CodeIgniter\Debug\Toolbar->prepare(Object(CodeIgniter\HTTP\IncomingRequest), Object(CodeIgniter\HTTP\Response))
#18 /opt/lampp/htdocs/kitgum.org/vendor/codeigniter4/framework/system/Filters/Filters.php(196): CodeIgniter\Filters\DebugToolbar->after(Object(CodeIgniter\HTTP\IncomingRequest), Object(CodeIgniter\HTTP\Response), NULL)
#19 /opt/lampp/htdocs/kitgum.org/vendor/codeigniter4/framework/system/CodeIgniter.php(477): CodeIgniter\Filters\Filters->run('/', 'after')
#20 /opt/lampp/htdocs/kitgum.org/vendor/codeigniter4/framework/system/CodeIgniter.php(340): CodeIgniter\CodeIgniter->handleRequest(NULL, Object(Config\Cache), false)
#21 /opt/lampp/htdocs/kitgum.org/index.php(67): CodeIgniter\CodeIgniter->run()
#22 {main}
CRITICAL - 2022-10-02 11:20:15 --> Table 'kitgum.settings' doesn't exist
in SYSTEMPATH/Database/MySQLi/Connection.php on line 292.
 1 SYSTEMPATH/Database/MySQLi/Connection.php(292): mysqli->query('SELECT *
FROM `settings`
WHERE `context` IS NULL', 0)
 2 SYSTEMPATH/Database/BaseConnection.php(693): CodeIgniter\Database\MySQLi\Connection->execute('SELECT *
FROM `settings`
WHERE `context` IS NULL')
 3 SYSTEMPATH/Database/BaseConnection.php(620): CodeIgniter\Database\BaseConnection->simpleQuery('SELECT *
FROM `settings`
WHERE `context` IS NULL')
 4 SYSTEMPATH/Database/BaseBuilder.php(1585): CodeIgniter\Database\BaseConnection->query('SELECT *
FROM `settings`
WHERE `context` IS NULL', [], false)
 5 FCPATH/vendor/codeigniter4/settings/src/Handlers/DatabaseHandler.php(163): CodeIgniter\Database\BaseBuilder->get()
 6 FCPATH/vendor/codeigniter4/settings/src/Handlers/DatabaseHandler.php(41): CodeIgniter\Settings\Handlers\DatabaseHandler->hydrate(null)
 7 FCPATH/vendor/codeigniter4/settings/src/Settings.php(59): CodeIgniter\Settings\Handlers\DatabaseHandler->has('Config\\Auth', 'sessionConfig', null)
 8 FCPATH/vendor/codeigniter4/settings/src/Helpers/setting_helper.php(21): CodeIgniter\Settings\Settings->get('Auth.sessionConfig')
 9 FCPATH/vendor/codeigniter4/shield/src/Authentication/Authenticators/Session.php(643): setting('Auth.sessionConfig')
10 FCPATH/vendor/codeigniter4/shield/src/Authentication/Authenticators/Session.php(661): CodeIgniter\Shield\Authentication\Authenticators\Session->getSessionUserInfo()
11 FCPATH/vendor/codeigniter4/shield/src/Authentication/Authenticators/Session.php(367): CodeIgniter\Shield\Authentication\Authenticators\Session->getSessionKey('id')
12 FCPATH/vendor/codeigniter4/shield/src/Authentication/Authenticators/Session.php(351): CodeIgniter\Shield\Authentication\Authenticators\Session->checkUserState()
13 FCPATH/vendor/codeigniter4/shield/src/Auth.php(159): CodeIgniter\Shield\Authentication\Authenticators\Session->loggedIn()
14 FCPATH/vendor/codeigniter4/shield/src/Collectors/Auth.php(67): CodeIgniter\Shield\Auth->__call('loggedIn', [])
15 SYSTEMPATH/Debug/Toolbar/Collectors/BaseCollector.php(222): CodeIgniter\Shield\Collectors\Auth->display()
16 SYSTEMPATH/Debug/Toolbar.php(93): CodeIgniter\Debug\Toolbar\Collectors\BaseCollector->getAsArray()
17 SYSTEMPATH/Debug/Toolbar.php(376): CodeIgniter\Debug\Toolbar->run(1664727615.2391660213470458984375, 0.0297000000000000007049916206369744031690061092376708984375, Object(CodeIgniter\HTTP\IncomingRequest), Object(CodeIgniter\HTTP\Response))
18 SYSTEMPATH/Filters/DebugToolbar.php(40): CodeIgniter\Debug\Toolbar->prepare(Object(CodeIgniter\HTTP\IncomingRequest), Object(CodeIgniter\HTTP\Response))
19 SYSTEMPATH/Filters/Filters.php(196): CodeIgniter\Filters\DebugToolbar->after(Object(CodeIgniter\HTTP\IncomingRequest), Object(CodeIgniter\HTTP\Response), null)
20 SYSTEMPATH/CodeIgniter.php(477): CodeIgniter\Filters\Filters->run('/', 'after')
21 SYSTEMPATH/CodeIgniter.php(340): CodeIgniter\CodeIgniter->handleRequest(null, Object(Config\Cache), false)
22 FCPATH/index.php(67): CodeIgniter\CodeIgniter->run()
